[2021-11-18 11:39:41:537][P:18760:14804][DEBUG][DataProcess\DataProcess.cpp:3504] RecvInterruptMsgDataThread start
[2021-11-18 11:39:41:537][P:18760:18964][DEBUG][DataProcess\DataProcess.cpp:3357] RecvMsgDataThread start
[2021-11-18 11:39:41:761][P:18760:17236][DEBUG][DataProcess\DataProcess.cpp:2012] SendCmdCost 222.405400 ms
[2021-11-18 11:39:42:949][P:18760:17236][DEBUG][DataProcess\DataProcess.cpp:2012] SendCmdCost 233.377400 ms
[2021-11-18 11:39:45:452][P:18760:14804][DEBUG][DataProcess\DataProcess.cpp:3545] RecvInterruptMsgDataThread end
[2021-11-18 11:39:45:500][P:18760:18964][DEBUG][DataProcess\DataProcess.cpp:3491] RecvMsgDataThread end
[2024-10-26 16:49:06:630][P:25336:28100][DEBUG][DataProcess\DataProcess.cpp:3504] RecvInterruptMsgDataThread start
[2024-10-26 16:49:06:631][P:25336:24812][DEBUG][DataProcess\DataProcess.cpp:3357] RecvMsgDataThread start
[2024-10-26 16:49:06:865][P:25336:22444][DEBUG][DataProcess\DataProcess.cpp:2012] SendCmdCost 229.254300 ms
[2024-10-26 16:49:13:740][P:25336:22444][DEBUG][DataProcess\DataProcess.cpp:2012] SendCmdCost 325.535200 ms
[2024-10-26 16:50:14:105][P:25336:28100][DEBUG][DataProcess\DataProcess.cpp:3545] RecvInterruptMsgDataThread end
[2024-10-26 16:50:14:309][P:25336:24812][DEBUG][DataProcess\DataProcess.cpp:3491] RecvMsgDataThread end
[2024-10-26 16:50:14:325][P:25336:3812][DEBUG][DataProcess\DataProcess.cpp:3504] RecvInterruptMsgDataThread start
[2024-10-26 16:50:14:325][P:25336:22352][DEBUG][DataProcess\DataProcess.cpp:3357] RecvMsgDataThread start
[2024-10-26 16:50:14:544][P:25336:22444][DEBUG][DataProcess\DataProcess.cpp:2012] SendCmdCost 217.748400 ms
[2024-10-26 16:51:31:270][P:25336:3812][DEBUG][DataProcess\DataProcess.cpp:3545] RecvInterruptMsgDataThread end
[2024-10-26 16:51:31:477][P:25336:22352][DEBUG][DataProcess\DataProcess.cpp:3491] RecvMsgDataThread end
[2024-10-26 16:52:16:704][P:23456:27532][DEBUG][DataProcess\DataProcess.cpp:3504] RecvInterruptMsgDataThread start
[2024-10-26 16:52:16:705][P:23456:14452][DEBUG][DataProcess\DataProcess.cpp:3357] RecvMsgDataThread start
[2024-10-26 16:52:16:927][P:23456:22192][DEBUG][DataProcess\DataProcess.cpp:2012] SendCmdCost 219.299900 ms
[2024-10-26 16:52:25:198][P:23456:22192][DEBUG][DataProcess\DataProcess.cpp:2012] SendCmdCost 526.505000 ms
[2024-10-26 16:52:42:785][P:23456:22192][DEBUG][DataProcess\DataProcess.cpp:2012] SendCmdCost 219.398600 ms
[2024-10-26 16:52:44:015][P:23456:22192][DEBUG][DataProcess\DataProcess.cpp:2012] SendCmdCost 345.113600 ms
[2024-10-26 16:52:44:678][P:23456:22192][DEBUG][DataProcess\DataProcess.cpp:2012] SendCmdCost 219.273500 ms
[2024-10-26 16:52:54:512][P:23456:27532][DEBUG][DataProcess\DataProcess.cpp:3545] RecvInterruptMsgDataThread end
[2024-10-26 16:52:54:605][P:23456:14452][DEBUG][DataProcess\DataProcess.cpp:3491] RecvMsgDataThread end
[2024-10-26 16:52:54:635][P:23456:25136][DEBUG][DataProcess\DataProcess.cpp:3504] RecvInterruptMsgDataThread start
[2024-10-26 16:52:54:636][P:23456:27612][DEBUG][DataProcess\DataProcess.cpp:3357] RecvMsgDataThread start
[2024-10-26 16:52:54:851][P:23456:22192][DEBUG][DataProcess\DataProcess.cpp:2012] SendCmdCost 214.972400 ms
[2024-10-26 16:53:12:413][P:23456:25136][DEBUG][DataProcess\DataProcess.cpp:3545] RecvInterruptMsgDataThread end
[2024-10-26 16:53:12:617][P:23456:27612][DEBUG][DataProcess\DataProcess.cpp:3491] RecvMsgDataThread end
[2024-10-26 18:26:32:569][P:25628:26432][DEBUG][DataProcess\DataProcess.cpp:3504] RecvInterruptMsgDataThread start
[2024-10-26 18:26:32:570][P:25628:20524][DEBUG][DataProcess\DataProcess.cpp:3357] RecvMsgDataThread start
[2024-10-26 18:26:32:808][P:25628:9280][DEBUG][DataProcess\DataProcess.cpp:2012] SendCmdCost 229.960400 ms
[2024-10-26 18:26:34:287][P:25628:9280][DEBUG][DataProcess\DataProcess.cpp:2012] SendCmdCost 331.715100 ms
[2024-10-26 18:26:45:001][P:25628:26432][DEBUG][DataProcess\DataProcess.cpp:3545] RecvInterruptMsgDataThread end
[2024-10-26 18:26:45:201][P:25628:20524][DEBUG][DataProcess\DataProcess.cpp:3491] RecvMsgDataThread end
[2024-10-26 18:35:33:976][P:28652:26204][DEBUG][DataProcess\DataProcess.cpp:3504] RecvInterruptMsgDataThread start
[2024-10-26 18:35:33:976][P:28652:21952][DEBUG][DataProcess\DataProcess.cpp:3357] RecvMsgDataThread start
[2024-10-26 18:35:34:192][P:28652:1608][DEBUG][DataProcess\DataProcess.cpp:2012] SendCmdCost 213.421700 ms
[2024-10-26 18:35:50:968][P:28652:26204][DEBUG][DataProcess\DataProcess.cpp:3545] RecvInterruptMsgDataThread end
[2024-10-26 18:35:51:124][P:28652:21952][DEBUG][DataProcess\DataProcess.cpp:3491] RecvMsgDataThread end
[2024-10-26 18:38:02:434][P:22488:11356][DEBUG][DataProcess\DataProcess.cpp:3504] RecvInterruptMsgDataThread start
[2024-10-26 18:38:02:435][P:22488:4832][DEBUG][DataProcess\DataProcess.cpp:3357] RecvMsgDataThread start
[2024-10-26 18:38:02:797][P:22488:16244][DEBUG][DataProcess\DataProcess.cpp:2012] SendCmdCost 358.281400 ms
[2024-10-26 18:38:05:573][P:22488:16244][DEBUG][DataProcess\DataProcess.cpp:2012] SendCmdCost 219.227200 ms
[2024-10-26 18:38:21:526][P:22488:11356][DEBUG][DataProcess\DataProcess.cpp:3545] RecvInterruptMsgDataThread end
[2024-10-26 18:38:21:604][P:22488:4832][DEBUG][DataProcess\DataProcess.cpp:3491] RecvMsgDataThread end
[2024-10-26 18:40:39:577][P:17740:10804][DEBUG][DataProcess\DataProcess.cpp:3504] RecvInterruptMsgDataThread start
[2024-10-26 18:40:39:577][P:17740:15676][DEBUG][DataProcess\DataProcess.cpp:3357] RecvMsgDataThread start
[2024-10-26 18:40:39:938][P:17740:27036][DEBUG][DataProcess\DataProcess.cpp:2012] SendCmdCost 358.151900 ms
[2024-10-26 18:40:42:686][P:17740:27036][DEBUG][DataProcess\DataProcess.cpp:2012] SendCmdCost 220.007100 ms
[2024-10-26 18:40:46:008][P:17740:27036][DEBUG][DataProcess\DataProcess.cpp:2012] SendCmdCost 315.001300 ms
[2024-10-26 18:40:47:014][P:17740:27036][DEBUG][DataProcess\DataProcess.cpp:2012] SendCmdCost 233.309000 ms
[2024-10-26 18:40:49:634][P:17740:27036][DEBUG][DataProcess\DataProcess.cpp:2012] SendCmdCost 343.782500 ms
[2024-10-26 18:41:07:617][P:17740:10804][DEBUG][DataProcess\DataProcess.cpp:3545] RecvInterruptMsgDataThread end
[2024-10-26 18:41:07:725][P:17740:15676][DEBUG][DataProcess\DataProcess.cpp:3491] RecvMsgDataThread end
[2024-10-26 18:41:44:111][P:27596:25348][DEBUG][DataProcess\DataProcess.cpp:3504] RecvInterruptMsgDataThread start
[2024-10-26 18:41:44:112][P:27596:16256][DEBUG][DataProcess\DataProcess.cpp:3357] RecvMsgDataThread start
[2024-10-26 18:41:44:411][P:27596:28480][DEBUG][DataProcess\DataProcess.cpp:2012] SendCmdCost 296.007800 ms
[2024-10-26 18:41:47:735][P:27596:28480][DEBUG][DataProcess\DataProcess.cpp:2012] SendCmdCost 218.353200 ms
[2024-10-26 18:41:54:266][P:27596:25348][DEBUG][DataProcess\DataProcess.cpp:3545] RecvInterruptMsgDataThread end
[2024-10-26 18:41:54:405][P:27596:16256][DEBUG][DataProcess\DataProcess.cpp:3491] RecvMsgDataThread end
[2024-10-26 18:56:52:730][P:11284:11884][DEBUG][DataProcess\DataProcess.cpp:3504] RecvInterruptMsgDataThread start
[2024-10-26 18:56:52:731][P:11284:18052][DEBUG][DataProcess\DataProcess.cpp:3357] RecvMsgDataThread start
[2024-10-26 18:56:52:945][P:11284:18700][DEBUG][DataProcess\DataProcess.cpp:2012] SendCmdCost 211.274800 ms
[2024-10-26 18:56:56:162][P:11284:18700][DEBUG][DataProcess\DataProcess.cpp:2012] SendCmdCost 322.520300 ms
[2024-10-26 18:57:01:980][P:11284:11884][DEBUG][DataProcess\DataProcess.cpp:3545] RecvInterruptMsgDataThread end
[2024-10-26 18:57:02:089][P:11284:18052][DEBUG][DataProcess\DataProcess.cpp:3491] RecvMsgDataThread end
[2024-10-26 19:14:38:427][P:25944:10392][DEBUG][DataProcess\DataProcess.cpp:3504] RecvInterruptMsgDataThread start
[2024-10-26 19:14:38:428][P:25944:23332][DEBUG][DataProcess\DataProcess.cpp:3357] RecvMsgDataThread start
[2024-10-26 19:14:38:646][P:25944:21476][DEBUG][DataProcess\DataProcess.cpp:2012] SendCmdCost 216.378800 ms
[2024-10-26 19:14:45:102][P:25944:10392][DEBUG][DataProcess\DataProcess.cpp:3545] RecvInterruptMsgDataThread end
[2024-10-26 19:14:45:149][P:25944:23332][DEBUG][DataProcess\DataProcess.cpp:3491] RecvMsgDataThread end
[2024-10-30 22:17:28:659][P:18152:528][DEBUG][DataProcess\DataProcess.cpp:3504] RecvInterruptMsgDataThread start
[2024-10-30 22:17:28:659][P:18152:524][DEBUG][DataProcess\DataProcess.cpp:3357] RecvMsgDataThread start
[2024-10-30 22:17:28:885][P:18152:508][DEBUG][DataProcess\DataProcess.cpp:2012] SendCmdCost 219.582600 ms
[2024-10-30 22:17:55:500][P:18152:528][DEBUG][DataProcess\DataProcess.cpp:3545] RecvInterruptMsgDataThread end
[2024-10-30 22:17:55:564][P:18152:524][DEBUG][DataProcess\DataProcess.cpp:3491] RecvMsgDataThread end
[2024-10-30 22:36:31:184][P:18256:7720][DEBUG][DataProcess\DataProcess.cpp:3504] RecvInterruptMsgDataThread start
[2024-10-30 22:36:31:184][P:18256:14672][DEBUG][DataProcess\DataProcess.cpp:3357] RecvMsgDataThread start
[2024-10-30 22:36:33:071][P:18256:7720][DEBUG][DataProcess\DataProcess.cpp:3545] RecvInterruptMsgDataThread end
[2024-10-30 22:36:33:274][P:18256:14672][DEBUG][DataProcess\DataProcess.cpp:3491] RecvMsgDataThread end
[2024-10-30 22:36:33:307][P:18256:18880][DEBUG][DataProcess\DataProcess.cpp:3504] RecvInterruptMsgDataThread start
[2024-10-30 22:36:33:308][P:18256:19228][DEBUG][DataProcess\DataProcess.cpp:3357] RecvMsgDataThread start
[2024-10-30 22:36:33:608][P:18256:15776][DEBUG][DataProcess\DataProcess.cpp:2012] SendCmdCost 1410.851600 ms
[2024-10-30 22:36:37:226][P:18256:15776][DEBUG][DataProcess\DataProcess.cpp:2012] SendCmdCost 219.720300 ms
[2024-10-30 22:36:47:222][P:18256:11564][DEBUG][DataCache\DataO.cpp:1067] JumpReadCDPt 1 
[2024-10-30 22:36:47:222][P:18256:11564][DEBUG][DataCache\DataO.cpp:1067] JumpReadCDPt 1 
[2024-10-30 22:36:47:222][P:18256:11564][DEBUG][DataCache\DataO.cpp:1067] JumpReadCDPt 1 
[2024-10-30 22:36:47:222][P:18256:11564][DEBUG][DataCache\DataO.cpp:1067] JumpReadCDPt 1 
[2024-10-30 22:36:47:222][P:18256:11564][DEBUG][DataCache\DataO.cpp:1067] JumpReadCDPt 1 
[2024-10-30 22:36:47:222][P:18256:11564][DEBUG][DataCache\DataO.cpp:1067] JumpReadCDPt 1 
[2024-10-30 22:36:47:223][P:18256:11564][DEBUG][DataCache\DataO.cpp:1067] JumpReadCDPt 1 
[2024-10-30 22:36:47:223][P:18256:11564][DEBUG][DataCache\DataO.cpp:1067] JumpReadCDPt 1 
[2024-10-30 22:36:47:223][P:18256:11564][DEBUG][DataCache\DataO.cpp:1067] JumpReadCDPt 1 
[2024-10-30 22:36:47:223][P:18256:11564][DEBUG][DataCache\DataO.cpp:1067] JumpReadCDPt 1 
[2024-10-30 22:36:47:223][P:18256:11564][DEBUG][DataCache\DataO.cpp:1067] JumpReadCDPt 1 
[2024-10-30 22:36:47:223][P:18256:11564][DEBUG][DataCache\DataO.cpp:1067] JumpReadCDPt 1 
[2024-10-30 22:36:47:223][P:18256:11564][DEBUG][DataCache\DataO.cpp:1067] JumpReadCDPt 1 
[2024-10-30 22:36:47:223][P:18256:11564][DEBUG][DataCache\DataO.cpp:1067] JumpReadCDPt 1 
[2024-10-30 22:36:47:223][P:18256:11564][DEBUG][DataCache\DataO.cpp:1067] JumpReadCDPt 1 
[2024-10-30 22:36:47:223][P:18256:11564][DEBUG][DataCache\DataO.cpp:1067] JumpReadCDPt 1 
[2024-10-30 22:37:16:183][P:16252:6624][DEBUG][DataProcess\DataProcess.cpp:3504] RecvInterruptMsgDataThread start
[2024-10-30 22:37:16:184][P:16252:11584][DEBUG][DataProcess\DataProcess.cpp:3357] RecvMsgDataThread start
[2024-10-30 22:37:16:482][P:16252:19288][DEBUG][DataProcess\DataProcess.cpp:2012] SendCmdCost 295.537400 ms
[2024-10-30 22:37:19:826][P:16252:19288][DEBUG][DataProcess\DataProcess.cpp:2012] SendCmdCost 219.034900 ms
[2024-10-30 22:39:01:530][P:8916:6564][DEBUG][DataProcess\DataProcess.cpp:3504] RecvInterruptMsgDataThread start
[2024-10-30 22:39:01:530][P:8916:12044][DEBUG][DataProcess\DataProcess.cpp:3357] RecvMsgDataThread start
[2024-10-30 22:39:01:843][P:8916:2568][DEBUG][DataProcess\DataProcess.cpp:2012] SendCmdCost 309.589300 ms
[2024-10-30 22:39:05:146][P:8916:2568][DEBUG][DataProcess\DataProcess.cpp:2012] SendCmdCost 220.031400 ms
[2024-10-30 22:42:06:132][P:9420:18748][DEBUG][DataProcess\DataProcess.cpp:3504] RecvInterruptMsgDataThread start
[2024-10-30 22:42:06:133][P:9420:1612][DEBUG][DataProcess\DataProcess.cpp:3357] RecvMsgDataThread start
[2024-10-30 22:42:06:350][P:9420:3052][DEBUG][DataProcess\DataProcess.cpp:2012] SendCmdCost 215.509100 ms
[2024-10-30 22:43:07:935][P:9420:18748][DEBUG][DataProcess\DataProcess.cpp:3545] RecvInterruptMsgDataThread end
[2024-10-30 22:43:08:106][P:9420:1612][DEBUG][DataProcess\DataProcess.cpp:3491] RecvMsgDataThread end
[2024-10-30 22:43:52:996][P:12044:18900][DEBUG][DataProcess\DataProcess.cpp:3504] RecvInterruptMsgDataThread start
[2024-10-30 22:43:52:996][P:12044:15092][DEBUG][DataProcess\DataProcess.cpp:3357] RecvMsgDataThread start
[2024-10-30 22:43:53:291][P:12044:18132][DEBUG][DataProcess\DataProcess.cpp:2012] SendCmdCost 291.548500 ms
[2024-10-30 22:43:56:636][P:12044:18132][DEBUG][DataProcess\DataProcess.cpp:2012] SendCmdCost 216.059700 ms
[2024-10-30 22:44:54:387][P:11996:7152][DEBUG][DataProcess\DataProcess.cpp:3504] RecvInterruptMsgDataThread start
[2024-10-30 22:44:54:388][P:11996:1740][DEBUG][DataProcess\DataProcess.cpp:3357] RecvMsgDataThread start
[2024-10-30 22:44:54:717][P:11996:8420][DEBUG][DataProcess\DataProcess.cpp:2012] SendCmdCost 326.052400 ms
[2024-10-30 22:44:58:319][P:11996:8420][DEBUG][DataProcess\DataProcess.cpp:2012] SendCmdCost 218.057400 ms
[2024-10-30 22:45:06:681][P:11996:7152][DEBUG][DataProcess\DataProcess.cpp:3545] RecvInterruptMsgDataThread end
[2024-10-30 22:45:06:776][P:11996:1740][DEBUG][DataProcess\DataProcess.cpp:3491] RecvMsgDataThread end
[2024-10-30 22:45:48:591][P:12296:18980][DEBUG][DataProcess\DataProcess.cpp:3504] RecvInterruptMsgDataThread start
[2024-10-30 22:45:48:591][P:12296:7780][DEBUG][DataProcess\DataProcess.cpp:3357] RecvMsgDataThread start
[2024-10-30 22:45:48:919][P:12296:5328][DEBUG][DataProcess\DataProcess.cpp:2012] SendCmdCost 324.545100 ms
[2024-10-30 22:45:52:543][P:12296:5328][DEBUG][DataProcess\DataProcess.cpp:2012] SendCmdCost 219.544100 ms
[2024-10-30 22:49:23:037][P:8340:17104][DEBUG][DataProcess\DataProcess.cpp:3504] RecvInterruptMsgDataThread start
[2024-10-30 22:49:23:037][P:8340:13336][DEBUG][DataProcess\DataProcess.cpp:3357] RecvMsgDataThread start
[2024-10-30 22:49:23:346][P:8340:1504][DEBUG][DataProcess\DataProcess.cpp:2012] SendCmdCost 306.103100 ms
[2024-10-30 22:49:26:965][P:8340:1504][DEBUG][DataProcess\DataProcess.cpp:2012] SendCmdCost 219.011300 ms
[2024-10-30 22:50:29:528][P:15776:15216][DEBUG][DataProcess\DataProcess.cpp:3504] RecvInterruptMsgDataThread start
[2024-10-30 22:50:29:529][P:15776:15892][DEBUG][DataProcess\DataProcess.cpp:3357] RecvMsgDataThread start
[2024-10-30 22:50:29:844][P:15776:18588][DEBUG][DataProcess\DataProcess.cpp:2012] SendCmdCost 312.547100 ms
[2024-10-30 22:50:33:471][P:15776:18588][DEBUG][DataProcess\DataProcess.cpp:2012] SendCmdCost 216.042700 ms
[2024-10-30 22:59:00:081][P:8432:6564][DEBUG][DataProcess\DataProcess.cpp:3504] RecvInterruptMsgDataThread start
[2024-10-30 22:59:00:082][P:8432:3732][DEBUG][DataProcess\DataProcess.cpp:3357] RecvMsgDataThread start
[2024-10-30 22:59:00:404][P:8432:13528][DEBUG][DataProcess\DataProcess.cpp:2012] SendCmdCost 319.552000 ms
[2024-10-30 22:59:04:028][P:8432:13528][DEBUG][DataProcess\DataProcess.cpp:2012] SendCmdCost 218.054300 ms
[2024-10-30 23:10:47:813][P:16080:4092][DEBUG][DataProcess\DataProcess.cpp:3504] RecvInterruptMsgDataThread start
[2024-10-30 23:10:47:814][P:16080:2956][DEBUG][DataProcess\DataProcess.cpp:3357] RecvMsgDataThread start
[2024-10-30 23:10:48:035][P:16080:1056][DEBUG][DataProcess\DataProcess.cpp:2012] SendCmdCost 218.038100 ms
[2024-10-30 23:10:53:249][P:16080:1056][DEBUG][DataProcess\DataProcess.cpp:2012] SendCmdCost 223.669900 ms
[2024-10-30 23:10:56:493][P:16080:4092][DEBUG][DataProcess\DataProcess.cpp:3545] RecvInterruptMsgDataThread end
[2024-10-30 23:10:56:649][P:16080:2956][DEBUG][DataProcess\DataProcess.cpp:3491] RecvMsgDataThread end
[2024-11-04 21:01:31:330][P:7660:14940][DEBUG][DataProcess\DataProcess.cpp:3504] RecvInterruptMsgDataThread start
[2024-11-04 21:01:31:331][P:7660:10048][DEBUG][DataProcess\DataProcess.cpp:3357] RecvMsgDataThread start
[2024-11-04 21:01:31:685][P:7660:10848][DEBUG][DataProcess\DataProcess.cpp:2012] SendCmdCost 315.336900 ms
[2024-11-04 21:01:35:191][P:7660:10848][DEBUG][DataProcess\DataProcess.cpp:2012] SendCmdCost 218.900500 ms
[2024-11-04 21:01:37:705][P:7660:10848][DEBUG][DataProcess\DataProcess.cpp:2012] SendCmdCost 219.698500 ms
[2024-11-04 21:01:48:216][P:7660:10848][DEBUG][DataProcess\DataProcess.cpp:2012] SendCmdCost 339.495300 ms
[2024-11-04 21:01:52:910][P:7660:10848][DEBUG][DataProcess\DataProcess.cpp:2012] SendCmdCost 215.280900 ms
[2024-11-04 21:07:37:634][P:3824:6300][DEBUG][DataProcess\DataProcess.cpp:3504] RecvInterruptMsgDataThread start
[2024-11-04 21:07:37:635][P:3824:8380][DEBUG][DataProcess\DataProcess.cpp:3357] RecvMsgDataThread start
[2024-11-04 21:07:37:854][P:3824:17088][DEBUG][DataProcess\DataProcess.cpp:2012] SendCmdCost 215.974600 ms
[2024-11-04 21:07:41:437][P:3824:17088][DEBUG][DataProcess\DataProcess.cpp:2012] SendCmdCost 209.824000 ms
[2024-11-04 21:08:07:758][P:3824:6300][DEBUG][DataProcess\DataProcess.cpp:3545] RecvInterruptMsgDataThread end
[2024-11-04 21:08:07:961][P:3824:8380][DEBUG][DataProcess\DataProcess.cpp:3491] RecvMsgDataThread end
[2024-11-04 21:08:35:345][P:10760:5836][DEBUG][DataProcess\DataProcess.cpp:3504] RecvInterruptMsgDataThread start
[2024-11-04 21:08:35:346][P:10760:2216][DEBUG][DataProcess\DataProcess.cpp:3357] RecvMsgDataThread start
[2024-11-04 21:08:35:564][P:10760:17788][DEBUG][DataProcess\DataProcess.cpp:2012] SendCmdCost 213.674800 ms
[2024-11-04 21:08:37:867][P:10760:17788][DEBUG][DataProcess\DataProcess.cpp:2012] SendCmdCost 212.986400 ms
[2024-11-04 21:08:50:940][P:10760:5836][DEBUG][DataProcess\DataProcess.cpp:3545] RecvInterruptMsgDataThread end
[2024-11-04 21:08:51:019][P:10760:2216][DEBUG][DataProcess\DataProcess.cpp:3491] RecvMsgDataThread end
[2024-11-04 21:30:36:053][P:3672:6336][DEBUG][DataProcess\DataProcess.cpp:3504] RecvInterruptMsgDataThread start
[2024-11-04 21:30:36:054][P:3672:9596][DEBUG][DataProcess\DataProcess.cpp:3357] RecvMsgDataThread start
[2024-11-04 21:30:36:272][P:3672:10808][DEBUG][DataProcess\DataProcess.cpp:2012] SendCmdCost 213.016500 ms
[2024-11-04 21:30:37:962][P:3672:10808][DEBUG][DataProcess\DataProcess.cpp:2012] SendCmdCost 218.415200 ms
[2024-11-04 21:30:49:136][P:3672:10808][DEBUG][DataProcess\DataProcess.cpp:2012] SendCmdCost 215.203600 ms
[2024-11-04 21:31:03:164][P:3672:6336][DEBUG][DataProcess\DataProcess.cpp:3545] RecvInterruptMsgDataThread end
[2024-11-04 21:31:03:242][P:3672:9596][DEBUG][DataProcess\DataProcess.cpp:3491] RecvMsgDataThread end
[2024-11-04 21:37:06:041][P:5740:6712][DEBUG][DataProcess\DataProcess.cpp:3504] RecvInterruptMsgDataThread start
[2024-11-04 21:37:06:042][P:5740:17208][DEBUG][DataProcess\DataProcess.cpp:3357] RecvMsgDataThread start
[2024-11-04 21:37:06:262][P:5740:2924][DEBUG][DataProcess\DataProcess.cpp:2012] SendCmdCost 217.476200 ms
[2024-11-04 21:37:08:630][P:5740:2924][DEBUG][DataProcess\DataProcess.cpp:2012] SendCmdCost 219.483200 ms
[2024-11-04 21:37:19:737][P:5740:6712][DEBUG][DataProcess\DataProcess.cpp:3545] RecvInterruptMsgDataThread end
[2024-11-04 21:37:19:846][P:5740:17208][DEBUG][DataProcess\DataProcess.cpp:3491] RecvMsgDataThread end
[2024-11-04 21:47:53:600][P:18700:1384][DEBUG][DataProcess\DataProcess.cpp:3504] RecvInterruptMsgDataThread start
[2024-11-04 21:47:53:601][P:18700:15356][DEBUG][DataProcess\DataProcess.cpp:3357] RecvMsgDataThread start
[2024-11-04 21:47:53:895][P:18700:13992][DEBUG][DataProcess\DataProcess.cpp:2012] SendCmdCost 291.119800 ms
[2024-11-04 21:47:57:565][P:18700:13992][DEBUG][DataProcess\DataProcess.cpp:2012] SendCmdCost 217.625500 ms
[2024-11-04 21:47:59:084][P:18700:13992][DEBUG][DataProcess\DataProcess.cpp:2012] SendCmdCost 225.783900 ms
[2024-11-04 21:48:05:305][P:18700:13992][DEBUG][DataProcess\DataProcess.cpp:2012] SendCmdCost 210.197600 ms
[2024-11-06 22:17:56:396][P:14224:11060][DEBUG][DataProcess\DataProcess.cpp:3504] RecvInterruptMsgDataThread start
[2024-11-06 22:17:56:396][P:14224:12628][DEBUG][DataProcess\DataProcess.cpp:3357] RecvMsgDataThread start
[2024-11-06 22:18:35:886][P:14224:11060][DEBUG][DataProcess\DataProcess.cpp:3545] RecvInterruptMsgDataThread end
[2024-11-06 22:18:36:088][P:14224:12628][DEBUG][DataProcess\DataProcess.cpp:3491] RecvMsgDataThread end
[2024-11-06 22:18:36:107][P:14224:9920][DEBUG][DataProcess\DataProcess.cpp:3504] RecvInterruptMsgDataThread start
[2024-11-06 22:18:36:107][P:14224:11176][DEBUG][DataProcess\DataProcess.cpp:3357] RecvMsgDataThread start
[2024-11-06 22:18:36:326][P:14224:8360][DEBUG][DataProcess\DataProcess.cpp:2012] SendCmdCost 216.757600 ms
[2024-11-06 22:18:40:901][P:14224:8360][DEBUG][DataProcess\DataProcess.cpp:2012] SendCmdCost 209.245800 ms
[2024-11-06 22:18:55:045][P:14224:9920][DEBUG][DataProcess\DataProcess.cpp:3545] RecvInterruptMsgDataThread end
[2024-11-06 22:18:55:201][P:14224:11176][DEBUG][DataProcess\DataProcess.cpp:3491] RecvMsgDataThread end
[2024-11-06 22:19:44:694][P:19980:12136][DEBUG][DataProcess\DataProcess.cpp:3504] RecvInterruptMsgDataThread start
[2024-11-06 22:19:44:695][P:19980:15376][DEBUG][DataProcess\DataProcess.cpp:3357] RecvMsgDataThread start
[2024-11-06 22:19:45:010][P:19980:18704][DEBUG][DataProcess\DataProcess.cpp:2012] SendCmdCost 311.907400 ms
[2024-11-06 22:19:48:684][P:19980:18704][DEBUG][DataProcess\DataProcess.cpp:2012] SendCmdCost 221.499700 ms
[2024-11-06 22:19:49:502][P:19980:18704][DEBUG][DataProcess\DataProcess.cpp:2012] SendCmdCost 230.993700 ms
[2024-11-06 22:20:27:455][P:19980:12136][DEBUG][DataProcess\DataProcess.cpp:3545] RecvInterruptMsgDataThread end
[2024-11-06 22:20:27:549][P:19980:15376][DEBUG][DataProcess\DataProcess.cpp:3491] RecvMsgDataThread end
[2024-11-06 22:21:37:993][P:2804:9320][DEBUG][DataProcess\DataProcess.cpp:3504] RecvInterruptMsgDataThread start
[2024-11-06 22:21:37:994][P:2804:13012][DEBUG][DataProcess\DataProcess.cpp:3357] RecvMsgDataThread start
[2024-11-06 22:21:38:322][P:2804:13336][DEBUG][DataProcess\DataProcess.cpp:2012] SendCmdCost 320.450700 ms
[2024-11-06 22:21:41:963][P:2804:13336][DEBUG][DataProcess\DataProcess.cpp:2012] SendCmdCost 217.106400 ms
[2024-11-06 22:21:46:223][P:2804:13336][DEBUG][DataProcess\DataProcess.cpp:2012] SendCmdCost 225.684000 ms
[2024-11-06 22:21:55:308][P:2804:9320][DEBUG][DataProcess\DataProcess.cpp:3545] RecvInterruptMsgDataThread end
[2024-11-06 22:21:55:449][P:2804:13012][DEBUG][DataProcess\DataProcess.cpp:3491] RecvMsgDataThread end
[2024-11-06 22:24:58:108][P:13848:6052][DEBUG][DataProcess\DataProcess.cpp:3504] RecvInterruptMsgDataThread start
[2024-11-06 22:24:58:109][P:13848:12436][DEBUG][DataProcess\DataProcess.cpp:3357] RecvMsgDataThread start
[2024-11-06 22:24:58:401][P:13848:11012][DEBUG][DataProcess\DataProcess.cpp:2012] SendCmdCost 289.324700 ms
[2024-11-06 22:25:01:869][P:13848:11012][DEBUG][DataProcess\DataProcess.cpp:2012] SendCmdCost 218.408300 ms
[2024-11-06 22:25:04:390][P:13848:11012][DEBUG][DataProcess\DataProcess.cpp:2012] SendCmdCost 214.783400 ms
[2024-11-06 22:25:10:618][P:13848:6052][DEBUG][DataProcess\DataProcess.cpp:3545] RecvInterruptMsgDataThread end
[2024-11-06 22:25:10:807][P:13848:12436][DEBUG][DataProcess\DataProcess.cpp:3491] RecvMsgDataThread end
[2024-11-06 22:25:46:559][P:9516:12812][DEBUG][DataProcess\DataProcess.cpp:3504] RecvInterruptMsgDataThread start
[2024-11-06 22:25:46:560][P:9516:10648][DEBUG][DataProcess\DataProcess.cpp:3357] RecvMsgDataThread start
[2024-11-06 22:25:46:864][P:9516:5364][DEBUG][DataProcess\DataProcess.cpp:2012] SendCmdCost 301.295300 ms
[2024-11-06 22:25:50:503][P:9516:5364][DEBUG][DataProcess\DataProcess.cpp:2012] SendCmdCost 217.131800 ms
[2024-11-06 22:25:52:553][P:9516:5364][DEBUG][DataProcess\DataProcess.cpp:2012] SendCmdCost 211.431700 ms
[2024-11-06 22:26:00:930][P:9516:12812][DEBUG][DataProcess\DataProcess.cpp:3545] RecvInterruptMsgDataThread end
[2024-11-06 22:26:01:101][P:9516:10648][DEBUG][DataProcess\DataProcess.cpp:3491] RecvMsgDataThread end
[2024-11-06 22:29:53:818][P:15900:10052][DEBUG][DataProcess\DataProcess.cpp:3504] RecvInterruptMsgDataThread start
[2024-11-06 22:29:53:819][P:15900:14832][DEBUG][DataProcess\DataProcess.cpp:3357] RecvMsgDataThread start
[2024-11-06 22:29:54:111][P:15900:14928][DEBUG][DataProcess\DataProcess.cpp:2012] SendCmdCost 290.364500 ms
[2024-11-06 22:29:57:530][P:15900:14928][DEBUG][DataProcess\DataProcess.cpp:2012] SendCmdCost 218.554500 ms
[2024-11-06 22:30:01:260][P:15900:14928][DEBUG][DataProcess\DataProcess.cpp:2012] SendCmdCost 226.206400 ms
[2024-11-06 22:30:06:366][P:15900:10052][DEBUG][DataProcess\DataProcess.cpp:3545] RecvInterruptMsgDataThread end
[2024-11-06 22:30:06:493][P:15900:14832][DEBUG][DataProcess\DataProcess.cpp:3491] RecvMsgDataThread end
[2024-11-06 22:32:00:116][P:14464:2440][DEBUG][DataProcess\DataProcess.cpp:3504] RecvInterruptMsgDataThread start
[2024-11-06 22:32:00:116][P:14464:14568][DEBUG][DataProcess\DataProcess.cpp:3357] RecvMsgDataThread start
[2024-11-06 22:32:00:587][P:14464:8164][DEBUG][DataProcess\DataProcess.cpp:2012] SendCmdCost 467.854400 ms
[2024-11-06 22:32:03:330][P:14464:8164][DEBUG][DataProcess\DataProcess.cpp:2012] SendCmdCost 281.109600 ms
[2024-11-06 22:32:25:727][P:14464:2440][DEBUG][DataProcess\DataProcess.cpp:3545] RecvInterruptMsgDataThread end
[2024-11-06 22:32:25:742][P:14464:14568][DEBUG][DataProcess\DataProcess.cpp:3491] RecvMsgDataThread end
[2024-11-06 22:35:04:859][P:10420:18128][DEBUG][DataProcess\DataProcess.cpp:3504] RecvInterruptMsgDataThread start
[2024-11-06 22:35:04:860][P:10420:2304][DEBUG][DataProcess\DataProcess.cpp:3357] RecvMsgDataThread start
[2024-11-06 22:35:05:156][P:10420:14928][DEBUG][DataProcess\DataProcess.cpp:2012] SendCmdCost 292.273800 ms
[2024-11-06 22:35:08:464][P:10420:14928][DEBUG][DataProcess\DataProcess.cpp:2012] SendCmdCost 220.770200 ms
[2024-11-06 22:35:13:737][P:10420:14928][DEBUG][DataProcess\DataProcess.cpp:2012] SendCmdCost 218.522200 ms
[2024-11-06 22:37:32:394][P:10568:13836][DEBUG][DataProcess\DataProcess.cpp:3504] RecvInterruptMsgDataThread start
[2024-11-06 22:37:32:395][P:10568:18356][DEBUG][DataProcess\DataProcess.cpp:3357] RecvMsgDataThread start
[2024-11-06 22:37:32:720][P:10568:1092][DEBUG][DataProcess\DataProcess.cpp:2012] SendCmdCost 323.680000 ms
[2024-11-06 22:37:36:400][P:10568:1092][DEBUG][DataProcess\DataProcess.cpp:2012] SendCmdCost 217.782900 ms
[2024-11-06 22:37:37:991][P:10568:1092][DEBUG][DataProcess\DataProcess.cpp:2012] SendCmdCost 321.770300 ms
[2024-11-06 22:37:49:240][P:10568:1092][DEBUG][DataProcess\DataProcess.cpp:2012] SendCmdCost 219.032300 ms
[2024-11-06 22:37:55:730][P:10568:13836][DEBUG][DataProcess\DataProcess.cpp:3545] RecvInterruptMsgDataThread end
[2024-11-06 22:37:55:809][P:10568:18356][DEBUG][DataProcess\DataProcess.cpp:3491] RecvMsgDataThread end
[2024-11-06 22:55:37:588][P:3940:13508][DEBUG][DataProcess\DataProcess.cpp:3504] RecvInterruptMsgDataThread start
[2024-11-06 22:55:37:588][P:3940:16640][DEBUG][DataProcess\DataProcess.cpp:3357] RecvMsgDataThread start
[2024-11-06 22:55:37:932][P:3940:11744][DEBUG][DataProcess\DataProcess.cpp:2012] SendCmdCost 340.626100 ms
[2024-11-06 22:55:40:578][P:3940:11744][DEBUG][DataProcess\DataProcess.cpp:2012] SendCmdCost 218.470500 ms
[2024-11-06 22:55:42:907][P:3940:11744][DEBUG][DataProcess\DataProcess.cpp:2012] SendCmdCost 221.816800 ms
[2024-11-06 22:55:54:571][P:3940:13508][DEBUG][DataProcess\DataProcess.cpp:3545] RecvInterruptMsgDataThread end
[2024-11-06 22:55:54:618][P:3940:16640][DEBUG][DataProcess\DataProcess.cpp:3491] RecvMsgDataThread end
[2024-11-06 22:57:22:799][P:9628:6028][DEBUG][DataProcess\DataProcess.cpp:3504] RecvInterruptMsgDataThread start
[2024-11-06 22:57:22:800][P:9628:18536][DEBUG][DataProcess\DataProcess.cpp:3357] RecvMsgDataThread start
[2024-11-06 22:57:23:110][P:9628:6712][DEBUG][DataProcess\DataProcess.cpp:2012] SendCmdCost 307.883900 ms
[2024-11-06 22:57:26:742][P:9628:6712][DEBUG][DataProcess\DataProcess.cpp:2012] SendCmdCost 217.637800 ms
[2024-11-06 22:57:28:691][P:9628:6712][DEBUG][DataProcess\DataProcess.cpp:2012] SendCmdCost 327.878600 ms
[2024-11-06 22:57:28:747][P:9628:6032][DEBUG][DataCache\DataO.cpp:1067] JumpReadCDPt 1 
[2024-11-06 22:57:28:766][P:9628:6032][DEBUG][DataCache\DataO.cpp:1067] JumpReadCDPt 1 
[2024-11-06 22:57:28:778][P:9628:6032][DEBUG][DataCache\DataO.cpp:1067] JumpReadCDPt 1 
[2024-11-06 22:57:28:791][P:9628:6032][DEBUG][DataCache\DataO.cpp:1067] JumpReadCDPt 1 
[2024-11-06 22:57:28:804][P:9628:6032][DEBUG][DataCache\DataO.cpp:1067] JumpReadCDPt 1 
[2024-11-06 22:57:31:451][P:9628:6712][DEBUG][DataProcess\DataProcess.cpp:2012] SendCmdCost 219.422900 ms
[2024-11-06 22:57:36:646][P:9628:6028][DEBUG][DataProcess\DataProcess.cpp:3545] RecvInterruptMsgDataThread end
[2024-11-06 22:57:36:710][P:9628:18536][DEBUG][DataProcess\DataProcess.cpp:3491] RecvMsgDataThread end
[2024-11-06 22:58:21:455][P:10756:16824][DEBUG][DataProcess\DataProcess.cpp:3504] RecvInterruptMsgDataThread start
[2024-11-06 22:58:21:456][P:10756:4660][DEBUG][DataProcess\DataProcess.cpp:3357] RecvMsgDataThread start
[2024-11-06 22:58:21:781][P:10756:4456][DEBUG][DataProcess\DataProcess.cpp:2012] SendCmdCost 322.979100 ms
[2024-11-06 22:58:25:111][P:10756:4456][DEBUG][DataProcess\DataProcess.cpp:2012] SendCmdCost 218.028300 ms
[2024-11-06 22:58:28:297][P:10756:4456][DEBUG][DataProcess\DataProcess.cpp:2012] SendCmdCost 318.066400 ms
[2024-11-06 22:58:31:811][P:10756:4456][DEBUG][DataProcess\DataProcess.cpp:2012] SendCmdCost 223.376800 ms
[2024-11-06 22:58:47:695][P:10756:16824][DEBUG][DataProcess\DataProcess.cpp:3545] RecvInterruptMsgDataThread end
[2024-11-06 22:58:47:727][P:10756:4660][DEBUG][DataProcess\DataProcess.cpp:3491] RecvMsgDataThread end
[2024-11-06 22:59:57:531][P:10104:16724][DEBUG][DataProcess\DataProcess.cpp:3504] RecvInterruptMsgDataThread start
[2024-11-06 22:59:57:531][P:10104:18952][DEBUG][DataProcess\DataProcess.cpp:3357] RecvMsgDataThread start
[2024-11-06 22:59:57:835][P:10104:6008][DEBUG][DataProcess\DataProcess.cpp:2012] SendCmdCost 301.543300 ms
[2024-11-06 23:00:03:871][P:10104:6008][DEBUG][DataProcess\DataProcess.cpp:2012] SendCmdCost 316.500200 ms
[2024-11-06 23:00:07:798][P:10104:6008][DEBUG][DataProcess\DataProcess.cpp:2012] SendCmdCost 213.145400 ms
[2024-11-06 23:00:17:274][P:10104:16724][DEBUG][DataProcess\DataProcess.cpp:3545] RecvInterruptMsgDataThread end
[2024-11-06 23:00:17:290][P:10104:18952][DEBUG][DataProcess\DataProcess.cpp:3491] RecvMsgDataThread end
[2024-11-06 23:12:16:804][P:13432:7640][DEBUG][DataProcess\DataProcess.cpp:3504] RecvInterruptMsgDataThread start
[2024-11-06 23:12:16:804][P:13432:10596][DEBUG][DataProcess\DataProcess.cpp:3357] RecvMsgDataThread start
[2024-11-06 23:12:17:024][P:13432:1488][DEBUG][DataProcess\DataProcess.cpp:2012] SendCmdCost 216.272600 ms
[2024-11-06 23:12:20:709][P:13432:1488][DEBUG][DataProcess\DataProcess.cpp:2012] SendCmdCost 324.193100 ms
[2024-11-06 23:12:24:112][P:13432:1488][DEBUG][DataProcess\DataProcess.cpp:2012] SendCmdCost 221.958800 ms
[2024-11-06 23:12:28:205][P:13432:1488][DEBUG][DataProcess\DataProcess.cpp:2012] SendCmdCost 218.855900 ms
[2024-11-06 23:12:32:041][P:13432:7640][DEBUG][DataProcess\DataProcess.cpp:3545] RecvInterruptMsgDataThread end
[2024-11-06 23:12:32:182][P:13432:10596][DEBUG][DataProcess\DataProcess.cpp:3491] RecvMsgDataThread end
[2024-11-06 23:14:10:087][P:9492:11772][DEBUG][DataProcess\DataProcess.cpp:3504] RecvInterruptMsgDataThread start
[2024-11-06 23:14:10:087][P:9492:6888][DEBUG][DataProcess\DataProcess.cpp:3357] RecvMsgDataThread start
[2024-11-06 23:14:10:431][P:9492:19384][DEBUG][DataProcess\DataProcess.cpp:2012] SendCmdCost 310.781800 ms
[2024-11-06 23:14:14:102][P:9492:19384][DEBUG][DataProcess\DataProcess.cpp:2012] SendCmdCost 219.000600 ms
[2024-11-06 23:14:15:786][P:9492:19384][DEBUG][DataProcess\DataProcess.cpp:2012] SendCmdCost 320.877000 ms
[2024-11-06 23:14:18:621][P:9492:19384][DEBUG][DataProcess\DataProcess.cpp:2012] SendCmdCost 208.759400 ms
[2024-11-06 23:14:25:353][P:9492:11772][DEBUG][DataProcess\DataProcess.cpp:3545] RecvInterruptMsgDataThread end
[2024-11-06 23:14:25:494][P:9492:6888][DEBUG][DataProcess\DataProcess.cpp:3491] RecvMsgDataThread end
