[2021-11-18 11:39:41:540][P:18760:17188][ERROR][DataCache\DataO.cpp:1691] GetLineData error code -2 
[2021-11-18 11:39:41:541][P:18760:17188][ERROR][DataCache\DataO.cpp:1691] GetLineData error code -2 
[2021-11-18 11:39:41:651][P:18760:17188][ERROR][DataCache\DataO.cpp:1691] GetLineData error code -5 
[2021-11-18 11:39:41:731][P:18760:1868][ERROR][DataProcessAlgorithm\UltrasoundImagingProcessAlgorithm.cpp:1541] Algorithm Process Error : -100
[2021-11-18 11:39:41:731][P:18760:1868][ERROR][DataProcessAlgorithm\UltrasoundImagingProcessAlgorithm.cpp:1902] B_set Depth_level 2; Gain 50.000000; DR 60.000000; SRI_level 5;				 Correlation_level 3; Width 1280; High 960; AD_len 1032;				 FrameHeader_len 8; GrayColorMap_level 3; TintMap_level 0;				 TGC_manual[0] 0.000000; TGC_manual[1] 0.000000; TGC_manual[2] 0.000000;				 TGC_manual[3] 0.000000; TGC_manual[4] 0.000000; TGC_manual[5] 0.000000;				 NE_on_off 0; NE_Tx_angle 0 ; NE_line_len 0 
[2021-11-18 11:39:42:116][P:18760:17188][ERROR][DataCache\DataO.cpp:1691] GetLineData error code -6 
[2021-11-18 11:39:42:116][P:18760:17188][ERROR][DataCache\DataO.cpp:1691] GetLineData error code -5 
[2021-11-18 11:39:42:117][P:18760:17188][ERROR][DataCache\DataO.cpp:1691] GetLineData error code -2 
[2021-11-18 11:39:42:118][P:18760:17188][ERROR][DataCache\DataO.cpp:1691] GetLineData error code -5 
[2021-11-18 11:39:42:118][P:18760:17188][ERROR][DataCache\DataO.cpp:1691] GetLineData error code -2 
[2021-11-18 11:39:42:119][P:18760:17188][ERROR][DataCache\DataO.cpp:1691] GetLineData error code -5 
[2021-11-18 11:39:42:120][P:18760:17188][ERROR][DataCache\DataO.cpp:1691] GetLineData error code -2 
[2021-11-18 11:39:42:142][P:18760:17188][ERROR][DataCache\DataO.cpp:1691] GetLineData error code -2 
[2021-11-18 11:39:42:144][P:18760:17188][ERROR][DataCache\DataO.cpp:1691] GetLineData error code -2 
[2021-11-18 11:39:42:166][P:18760:17188][ERROR][DataCache\DataO.cpp:1691] GetLineData error code -2 
[2021-11-18 11:39:42:168][P:18760:17188][ERROR][DataCache\DataO.cpp:1691] GetLineData error code -5 
[2021-11-18 11:39:42:168][P:18760:17188][ERROR][DataCache\DataO.cpp:1691] GetLineData error code -2 
[2021-11-18 11:39:42:169][P:18760:17188][ERROR][DataCache\DataO.cpp:1294] GetLineData B stat  m_nBMFrameLen 94944 
[2021-11-18 11:39:42:169][P:18760:17188][ERROR][DataCache\DataO.cpp:1691] GetLineData error code -6 
[2021-11-18 11:39:42:170][P:18760:17188][ERROR][DataCache\DataO.cpp:1691] GetLineData error code -2 
[2021-11-18 11:39:42:191][P:18760:17188][ERROR][DataCache\DataO.cpp:1691] GetLineData error code -2 
[2021-11-18 11:39:42:193][P:18760:17188][ERROR][DataCache\DataO.cpp:1691] GetLineData error code -2 
[2021-11-18 11:39:42:235][P:18760:17188][ERROR][DataCache\DataO.cpp:1691] GetLineData error code -2 
[2021-11-18 11:39:42:236][P:18760:17188][ERROR][DataCache\DataO.cpp:1691] GetLineData error code -5 
[2021-11-18 11:39:42:237][P:18760:17188][ERROR][DataCache\DataO.cpp:1691] GetLineData error code -2 
[2021-11-18 11:39:42:238][P:18760:17188][ERROR][DataCache\DataO.cpp:1691] GetLineData error code -5 
[2021-11-18 11:39:42:238][P:18760:17188][ERROR][DataCache\DataO.cpp:1691] GetLineData error code -2 
[2021-11-18 11:39:42:282][P:18760:17188][ERROR][DataCache\DataO.cpp:1691] GetLineData error code -5 
[2021-11-18 11:39:42:282][P:18760:17188][ERROR][DataCache\DataO.cpp:1691] GetLineData error code -2 
[2021-11-18 11:39:42:284][P:18760:17188][ERROR][DataCache\DataO.cpp:1691] GetLineData error code -2 
[2021-11-18 11:39:42:306][P:18760:17188][ERROR][DataCache\DataO.cpp:1691] GetLineData error code -2 
[2021-11-18 11:39:42:308][P:18760:17188][ERROR][DataCache\DataO.cpp:1691] GetLineData error code -5 
[2021-11-18 11:39:42:308][P:18760:17188][ERROR][DataCache\DataO.cpp:1691] GetLineData error code -5 
[2021-11-18 11:39:42:308][P:18760:17188][ERROR][DataCache\DataO.cpp:1691] GetLineData error code -2 
[2021-11-18 11:39:42:330][P:18760:17188][ERROR][DataCache\DataO.cpp:1691] GetLineData error code -5 
[2021-11-18 11:39:42:330][P:18760:17188][ERROR][DataCache\DataO.cpp:1691] GetLineData error code -2 
[2021-11-18 11:39:42:332][P:18760:17188][ERROR][DataCache\DataO.cpp:1691] GetLineData error code -2 
[2021-11-18 11:39:42:333][P:18760:17188][ERROR][DataCache\DataO.cpp:1294] GetLineData B stat  m_nBMFrameLen 37152 
[2021-11-18 11:39:42:334][P:18760:17188][ERROR][DataCache\DataO.cpp:1691] GetLineData error code -6 
[2021-11-18 11:39:42:334][P:18760:17188][ERROR][DataCache\DataO.cpp:1691] GetLineData error code -2 
[2021-11-18 11:39:42:376][P:18760:17188][ERROR][DataCache\DataO.cpp:1691] GetLineData error code -2 
[2021-11-18 11:39:42:378][P:18760:17188][ERROR][DataCache\DataO.cpp:1691] GetLineData error code -2 
[2021-11-18 11:39:42:379][P:18760:17188][ERROR][DataCache\DataO.cpp:1691] GetLineData error code -5 
[2021-11-18 11:39:42:379][P:18760:17188][ERROR][DataCache\DataO.cpp:1691] GetLineData error code -2 
[2021-11-18 11:39:42:402][P:18760:17188][ERROR][DataCache\DataO.cpp:1691] GetLineData error code -5 
[2021-11-18 11:39:42:402][P:18760:17188][ERROR][DataCache\DataO.cpp:1691] GetLineData error code -2 
[2021-11-18 11:39:42:445][P:18760:17188][ERROR][DataCache\DataO.cpp:1691] GetLineData error code -2 
[2021-11-18 11:39:42:467][P:18760:17188][ERROR][DataCache\DataO.cpp:1691] GetLineData error code -2 
[2021-11-18 11:39:42:468][P:18760:17188][ERROR][DataCache\DataO.cpp:1691] GetLineData error code -5 
[2021-11-18 11:39:42:468][P:18760:17188][ERROR][DataCache\DataO.cpp:1691] GetLineData error code -5 
[2021-11-18 11:39:42:468][P:18760:17188][ERROR][DataCache\DataO.cpp:1691] GetLineData error code -2 
[2021-11-18 11:39:42:470][P:18760:17188][ERROR][DataCache\DataO.cpp:1691] GetLineData error code -5 
[2021-11-18 11:39:42:470][P:18760:17188][ERROR][DataCache\DataO.cpp:1691] GetLineData error code -5 
[2021-11-18 11:39:42:470][P:18760:17188][ERROR][DataCache\DataO.cpp:1691] GetLineData error code -2 
[2021-11-18 11:39:42:492][P:18760:17188][ERROR][DataCache\DataO.cpp:1691] GetLineData error code -2 
[2021-11-18 11:39:42:494][P:18760:17188][ERROR][DataCache\DataO.cpp:1691] GetLineData error code -2 
[2021-11-18 11:39:42:516][P:18760:17188][ERROR][DataCache\DataO.cpp:1294] GetLineData B stat  m_nBMFrameLen 45408 
[2021-11-18 11:39:42:538][P:18760:17188][ERROR][DataCache\DataO.cpp:1691] GetLineData error code -6 
[2021-11-18 11:39:42:538][P:18760:17188][ERROR][DataCache\DataO.cpp:1691] GetLineData error code -2 
[2021-11-18 11:39:42:540][P:18760:17188][ERROR][DataCache\DataO.cpp:1691] GetLineData error code -5 
[2021-11-18 11:39:42:540][P:18760:17188][ERROR][DataCache\DataO.cpp:1691] GetLineData error code -2 
[2021-11-18 11:39:42:541][P:18760:17188][ERROR][DataCache\DataO.cpp:1691] GetLineData error code -5 
[2021-11-18 11:39:42:545][P:18760:17188][ERROR][DataCache\DataO.cpp:1294] GetLineData B stat  m_nBMFrameLen 78432 
[2021-11-18 11:39:42:631][P:18760:17188][ERROR][DataCache\DataO.cpp:1691] GetLineData error code -6 
[2021-11-18 11:39:42:631][P:18760:17188][ERROR][DataCache\DataO.cpp:1691] GetLineData error code -2 
[2021-11-18 11:39:42:632][P:18760:17188][ERROR][DataCache\DataO.cpp:1691] GetLineData error code -2 
[2021-11-18 11:39:42:633][P:18760:17188][ERROR][DataCache\DataO.cpp:1691] GetLineData error code -5 
[2021-11-18 11:39:42:633][P:18760:17188][ERROR][DataCache\DataO.cpp:1691] GetLineData error code -2 
[2021-11-18 11:39:42:656][P:18760:17188][ERROR][DataCache\DataO.cpp:1691] GetLineData error code -2 
[2021-11-18 11:39:42:657][P:18760:17188][ERROR][DataCache\DataO.cpp:1691] GetLineData error code -2 
[2021-11-18 11:39:42:680][P:18760:17188][ERROR][DataCache\DataO.cpp:1294] GetLineData B stat  m_nBMFrameLen 90816 
[2021-11-18 11:39:42:682][P:18760:17188][ERROR][DataCache\DataO.cpp:1691] GetLineData error code -6 
[2021-11-18 11:39:42:682][P:18760:17188][ERROR][DataCache\DataO.cpp:1691] GetLineData error code -2 
[2021-11-18 11:39:42:683][P:18760:17188][ERROR][DataCache\DataO.cpp:1691] GetLineData error code -2 
[2021-11-18 11:39:42:706][P:18760:17188][ERROR][DataCache\DataO.cpp:1691] GetLineData error code -5 
[2021-11-18 11:39:42:706][P:18760:17188][ERROR][DataCache\DataO.cpp:1691] GetLineData error code -2 
[2021-11-18 11:39:42:724][P:18760:17188][ERROR][DataCache\DataO.cpp:1691] GetLineData error code -5 
[2021-11-18 11:39:42:724][P:18760:17188][ERROR][DataCache\DataO.cpp:1691] GetLineData error code -2 
[2021-11-18 11:39:42:903][P:18760:1868][ERROR][DataProcessAlgorithm\UltrasoundImagingProcessAlgorithm.cpp:1541] Algorithm Process Error : -100
[2021-11-18 11:39:42:903][P:18760:1868][ERROR][DataProcessAlgorithm\UltrasoundImagingProcessAlgorithm.cpp:1902] B_set Depth_level 2; Gain 50.000000; DR 60.000000; SRI_level 5;				 Correlation_level 3; Width 1280; High 960; AD_len 1032;				 FrameHeader_len 8; GrayColorMap_level 3; TintMap_level 0;				 TGC_manual[0] 0.000000; TGC_manual[1] 0.000000; TGC_manual[2] 0.000000;				 TGC_manual[3] 0.000000; TGC_manual[4] 0.000000; TGC_manual[5] 0.000000;				 NE_on_off 0; NE_Tx_angle 0 ; NE_line_len 0 
[2021-11-18 11:39:45:500][P:18760:12440][ERROR][DataSource\Cypress_Windows_USB.cpp:355]  Cypress_Windows_USB::CloseDevice 1
[2021-11-18 11:39:45:501][P:18760:12440][ERROR][DataSource\Cypress_Windows_USB.cpp:424]  Cypress_Windows_USB::CloseDevice 2
[2024-09-13 21:33:50:881][P:948:20572][ERROR][ColorImageEngineServer.cpp:177] Open HW failed : 11
[2024-09-13 21:33:50:882][P:948:20572][ERROR][ColorImageEngineServer.cpp:247]  OpenHW Error 11
[2024-09-13 21:33:50:882][P:948:20572][ERROR][ColorImageEngineServer.cpp:252]  SetATGC32 Error 1
[2024-09-13 21:33:50:888][P:948:20572][ERROR][ColorImageEngineServer.cpp:256]  SetApo Error 1
[2024-09-13 21:33:50:889][P:948:20572][ERROR][ColorImageEngineServer.cpp:260]  SetApoComp Error 1
[2024-09-13 21:34:30:546][P:3216:14164][ERROR][ColorImageEngineServer.cpp:177] Open HW failed : 11
[2024-09-13 21:34:30:546][P:3216:14164][ERROR][ColorImageEngineServer.cpp:247]  OpenHW Error 11
[2024-09-13 21:34:30:547][P:3216:14164][ERROR][ColorImageEngineServer.cpp:252]  SetATGC32 Error 1
[2024-09-13 21:34:30:547][P:3216:14164][ERROR][ColorImageEngineServer.cpp:256]  SetApo Error 1
[2024-09-13 21:34:30:548][P:3216:14164][ERROR][ColorImageEngineServer.cpp:260]  SetApoComp Error 1
[2024-09-13 21:35:19:113][P:15780:35640][ERROR][ColorImageEngineServer.cpp:177] Open HW failed : 11
[2024-09-13 21:35:19:113][P:15780:35640][ERROR][ColorImageEngineServer.cpp:247]  OpenHW Error 11
[2024-09-13 21:35:19:114][P:15780:35640][ERROR][ColorImageEngineServer.cpp:252]  SetATGC32 Error 1
[2024-09-13 21:35:19:114][P:15780:35640][ERROR][ColorImageEngineServer.cpp:256]  SetApo Error 1
[2024-09-13 21:35:19:115][P:15780:35640][ERROR][ColorImageEngineServer.cpp:260]  SetApoComp Error 1
[2024-09-13 21:45:13:969][P:5364:24080][ERROR][ColorImageEngineServer.cpp:177] Open HW failed : 11
[2024-09-13 21:45:13:970][P:5364:24080][ERROR][ColorImageEngineServer.cpp:247]  OpenHW Error 11
[2024-09-13 21:45:13:970][P:5364:24080][ERROR][ColorImageEngineServer.cpp:252]  SetATGC32 Error 1
[2024-09-13 21:45:13:971][P:5364:24080][ERROR][ColorImageEngineServer.cpp:256]  SetApo Error 1
[2024-09-13 21:45:13:972][P:5364:24080][ERROR][ColorImageEngineServer.cpp:260]  SetApoComp Error 1
[2024-09-13 21:45:31:267][P:5364:24080][ERROR][DataProcessAlgorithm\UltrasoundImagingProcessAlgorithm.cpp:1812] Algorithm Set Error : -214
[2024-09-13 21:45:31:267][P:5364:24080][ERROR][DataProcessAlgorithm\UltrasoundImagingProcessAlgorithm.cpp:1902] B_set Depth_level 2; Gain 50.000000; DR 60.000000; SRI_level 5;				 Correlation_level 3; Width 1280; High 960; AD_len 1;				 FrameHeader_len 8; GrayColorMap_level 3; TintMap_level 0;				 TGC_manual[0] 0.000000; TGC_manual[1] 0.000000; TGC_manual[2] 0.000000;				 TGC_manual[3] 0.000000; TGC_manual[4] 0.000000; TGC_manual[5] 0.000000;				 NE_on_off 0; NE_Tx_angle 0 ; NE_line_len 0 
[2024-09-13 21:45:31:267][P:5364:24080][ERROR][DataProcessAlgorithm\UltrasoundImagingProcessAlgorithm.cpp:1919] C_set Depth_level 2; WallFilter_level 1; Gain 50.000000; 				 ColorPriority_level 2;FrameCorrelation_level 2;				 Rx_start 0; Rx_num 12; Rx_idx 0; 				 Rx_len 8; Rx_scan_cross 3; 				 Width 1280; High 960; W_idx 26; W_len 0;				 H_idx 0; H_len 0; Theta 0.000000; 				 phi 0.000000; delta 0.000000; radius 0.000000;r_len 1.000000; 				 FrameHeader_len 8; ColorMap_level 1; 				 Color_mode 0; ColorMap_inversion 0; 
[2024-09-13 21:45:34:730][P:5364:24080][ERROR][ColorImageEngineServer.cpp:247]  OpenHW Error 11
[2024-09-13 21:45:34:730][P:5364:24080][ERROR][ColorImageEngineServer.cpp:252]  SetATGC32 Error 1
[2024-09-13 21:45:34:730][P:5364:24080][ERROR][ColorImageEngineServer.cpp:256]  SetApo Error 1
[2024-09-13 21:45:34:731][P:5364:24080][ERROR][ColorImageEngineServer.cpp:260]  SetApoComp Error 1
[2024-09-13 21:45:35:426][P:5364:24080][ERROR][ColorImageEngineServer.cpp:247]  OpenHW Error 11
[2024-09-13 21:45:35:426][P:5364:24080][ERROR][ColorImageEngineServer.cpp:252]  SetATGC32 Error 1
[2024-09-13 21:45:35:426][P:5364:24080][ERROR][ColorImageEngineServer.cpp:256]  SetApo Error 1
[2024-09-13 21:45:35:426][P:5364:24080][ERROR][ColorImageEngineServer.cpp:260]  SetApoComp Error 1
[2024-09-13 21:45:48:854][P:29316:19056][ERROR][ColorImageEngineServer.cpp:177] Open HW failed : 11
[2024-09-13 21:45:48:854][P:29316:19056][ERROR][ColorImageEngineServer.cpp:247]  OpenHW Error 11
[2024-09-13 21:45:48:855][P:29316:19056][ERROR][ColorImageEngineServer.cpp:252]  SetATGC32 Error 1
[2024-09-13 21:45:48:855][P:29316:19056][ERROR][ColorImageEngineServer.cpp:256]  SetApo Error 1
[2024-09-13 21:45:48:856][P:29316:19056][ERROR][ColorImageEngineServer.cpp:260]  SetApoComp Error 1
[2024-09-13 22:01:13:203][P:11668:19704][ERROR][ColorImageEngineServer.cpp:177] Open HW failed : 11
[2024-09-13 22:01:13:204][P:11668:19704][ERROR][ColorImageEngineServer.cpp:247]  OpenHW Error 11
[2024-09-13 22:01:13:204][P:11668:19704][ERROR][ColorImageEngineServer.cpp:252]  SetATGC32 Error 1
[2024-09-13 22:01:13:205][P:11668:19704][ERROR][ColorImageEngineServer.cpp:256]  SetApo Error 1
[2024-09-13 22:01:13:206][P:11668:19704][ERROR][ColorImageEngineServer.cpp:260]  SetApoComp Error 1
[2024-09-13 22:03:10:713][P:11384:14348][ERROR][ColorImageEngineServer.cpp:177] Open HW failed : 11
[2024-09-13 22:03:10:714][P:11384:14348][ERROR][ColorImageEngineServer.cpp:247]  OpenHW Error 11
[2024-09-13 22:03:10:714][P:11384:14348][ERROR][ColorImageEngineServer.cpp:252]  SetATGC32 Error 1
[2024-09-13 22:03:10:715][P:11384:14348][ERROR][ColorImageEngineServer.cpp:256]  SetApo Error 1
[2024-09-13 22:03:10:717][P:11384:14348][ERROR][ColorImageEngineServer.cpp:260]  SetApoComp Error 1
[2024-09-13 22:05:49:598][P:29300:30176][ERROR][ColorImageEngineServer.cpp:177] Open HW failed : 11
[2024-09-13 22:05:49:599][P:29300:30176][ERROR][ColorImageEngineServer.cpp:247]  OpenHW Error 11
[2024-09-13 22:05:49:599][P:29300:30176][ERROR][ColorImageEngineServer.cpp:252]  SetATGC32 Error 1
[2024-09-13 22:05:49:600][P:29300:30176][ERROR][ColorImageEngineServer.cpp:256]  SetApo Error 1
[2024-09-13 22:05:49:601][P:29300:30176][ERROR][ColorImageEngineServer.cpp:260]  SetApoComp Error 1
[2024-09-13 22:32:23:436][P:7980:25488][ERROR][ColorImageEngineServer.cpp:177] Open HW failed : 11
[2024-09-13 22:32:23:437][P:7980:25488][ERROR][ColorImageEngineServer.cpp:247]  OpenHW Error 11
[2024-09-13 22:32:23:438][P:7980:25488][ERROR][ColorImageEngineServer.cpp:252]  SetATGC32 Error 1
[2024-09-13 22:32:23:439][P:7980:25488][ERROR][ColorImageEngineServer.cpp:256]  SetApo Error 1
[2024-09-13 22:32:23:440][P:7980:25488][ERROR][ColorImageEngineServer.cpp:260]  SetApoComp Error 1
[2024-09-13 22:35:35:663][P:2544:35196][ERROR][ColorImageEngineServer.cpp:177] Open HW failed : 11
[2024-09-13 22:35:35:664][P:2544:35196][ERROR][ColorImageEngineServer.cpp:247]  OpenHW Error 11
[2024-09-13 22:35:35:664][P:2544:35196][ERROR][ColorImageEngineServer.cpp:252]  SetATGC32 Error 1
[2024-09-13 22:35:35:665][P:2544:35196][ERROR][ColorImageEngineServer.cpp:256]  SetApo Error 1
[2024-09-13 22:35:35:666][P:2544:35196][ERROR][ColorImageEngineServer.cpp:260]  SetApoComp Error 1
[2024-09-13 22:37:03:302][P:17880:1164][ERROR][ColorImageEngineServer.cpp:177] Open HW failed : 11
[2024-09-13 22:37:03:303][P:17880:1164][ERROR][ColorImageEngineServer.cpp:247]  OpenHW Error 11
[2024-09-13 22:37:03:303][P:17880:1164][ERROR][ColorImageEngineServer.cpp:252]  SetATGC32 Error 1
[2024-09-13 22:37:03:303][P:17880:1164][ERROR][ColorImageEngineServer.cpp:256]  SetApo Error 1
[2024-09-13 22:37:03:303][P:17880:1164][ERROR][ColorImageEngineServer.cpp:260]  SetApoComp Error 1
[2024-09-13 23:28:35:128][P:16348:16016][ERROR][ColorImageEngineServer.cpp:177] Open HW failed : 11
[2024-09-13 23:28:35:128][P:16348:16016][ERROR][ColorImageEngineServer.cpp:247]  OpenHW Error 11
[2024-09-13 23:28:35:129][P:16348:16016][ERROR][ColorImageEngineServer.cpp:252]  SetATGC32 Error 1
[2024-09-13 23:28:35:134][P:16348:16016][ERROR][ColorImageEngineServer.cpp:256]  SetApo Error 1
[2024-09-13 23:28:35:139][P:16348:16016][ERROR][ColorImageEngineServer.cpp:260]  SetApoComp Error 1
[2024-09-13 23:28:41:753][P:16348:16016][ERROR][DataProcessAlgorithm\UltrasoundImagingProcessAlgorithm.cpp:1812] Algorithm Set Error : -214
[2024-09-13 23:28:41:753][P:16348:16016][ERROR][DataProcessAlgorithm\UltrasoundImagingProcessAlgorithm.cpp:1902] B_set Depth_level 2; Gain 50.000000; DR 60.000000; SRI_level 5;				 Correlation_level 3; Width 1280; High 960; AD_len 1;				 FrameHeader_len 8; GrayColorMap_level 3; TintMap_level 0;				 TGC_manual[0] 0.000000; TGC_manual[1] 0.000000; TGC_manual[2] 0.000000;				 TGC_manual[3] 0.000000; TGC_manual[4] 0.000000; TGC_manual[5] 0.000000;				 NE_on_off 0; NE_Tx_angle 0 ; NE_line_len 0 
[2024-09-13 23:28:41:753][P:16348:16016][ERROR][DataProcessAlgorithm\UltrasoundImagingProcessAlgorithm.cpp:1919] C_set Depth_level 2; WallFilter_level 1; Gain 50.000000; 				 ColorPriority_level 2;FrameCorrelation_level 2;				 Rx_start 0; Rx_num 12; Rx_idx 0; 				 Rx_len 8; Rx_scan_cross 3; 				 Width 1280; High 960; W_idx 26; W_len 0;				 H_idx 0; H_len 0; Theta 0.000000; 				 phi 0.000000; delta 0.000000; radius 0.000000;r_len 1.000000; 				 FrameHeader_len 8; ColorMap_level 1; 				 Color_mode 0; ColorMap_inversion 0; 
[2024-09-13 23:30:21:245][P:3860:15072][ERROR][ColorImageEngineServer.cpp:177] Open HW failed : 11
[2024-09-13 23:30:21:245][P:3860:15072][ERROR][ColorImageEngineServer.cpp:247]  OpenHW Error 11
[2024-09-13 23:30:21:246][P:3860:15072][ERROR][ColorImageEngineServer.cpp:252]  SetATGC32 Error 1
[2024-09-13 23:30:21:247][P:3860:15072][ERROR][ColorImageEngineServer.cpp:256]  SetApo Error 1
[2024-09-13 23:30:21:248][P:3860:15072][ERROR][ColorImageEngineServer.cpp:260]  SetApoComp Error 1
[2024-09-13 23:49:15:672][P:18836:7140][ERROR][ColorImageEngineServer.cpp:177] Open HW failed : 11
[2024-09-13 23:49:15:673][P:18836:7140][ERROR][ColorImageEngineServer.cpp:247]  OpenHW Error 11
[2024-09-13 23:49:15:673][P:18836:7140][ERROR][ColorImageEngineServer.cpp:252]  SetATGC32 Error 1
[2024-09-13 23:49:15:674][P:18836:7140][ERROR][ColorImageEngineServer.cpp:256]  SetApo Error 1
[2024-09-13 23:49:15:675][P:18836:7140][ERROR][ColorImageEngineServer.cpp:260]  SetApoComp Error 1
[2024-09-20 09:34:44:929][P:20736:512][ERROR][ColorImageEngineServer.cpp:177] Open HW failed : 11
[2024-09-20 09:34:44:930][P:20736:512][ERROR][ColorImageEngineServer.cpp:247]  OpenHW Error 11
[2024-09-20 09:34:44:930][P:20736:512][ERROR][ColorImageEngineServer.cpp:252]  SetATGC32 Error 1
[2024-09-20 09:34:44:933][P:20736:512][ERROR][ColorImageEngineServer.cpp:256]  SetApo Error 1
[2024-09-20 09:34:44:934][P:20736:512][ERROR][ColorImageEngineServer.cpp:260]  SetApoComp Error 1
[2024-09-20 09:55:18:873][P:13096:23260][ERROR][ColorImageEngineServer.cpp:177] Open HW failed : 11
[2024-09-20 09:55:18:874][P:13096:23260][ERROR][ColorImageEngineServer.cpp:247]  OpenHW Error 11
[2024-09-20 09:55:18:874][P:13096:23260][ERROR][ColorImageEngineServer.cpp:252]  SetATGC32 Error 1
[2024-09-20 09:55:18:875][P:13096:23260][ERROR][ColorImageEngineServer.cpp:256]  SetApo Error 1
[2024-09-20 09:55:18:876][P:13096:23260][ERROR][ColorImageEngineServer.cpp:260]  SetApoComp Error 1
[2024-09-20 09:55:22:155][P:13096:23260][ERROR][DataProcessAlgorithm\UltrasoundImagingProcessAlgorithm.cpp:1812] Algorithm Set Error : -214
[2024-09-20 09:55:22:155][P:13096:23260][ERROR][DataProcessAlgorithm\UltrasoundImagingProcessAlgorithm.cpp:1902] B_set Depth_level 2; Gain 50.000000; DR 60.000000; SRI_level 5;				 Correlation_level 3; Width 1280; High 960; AD_len 1;				 FrameHeader_len 8; GrayColorMap_level 3; TintMap_level 0;				 TGC_manual[0] 0.000000; TGC_manual[1] 0.000000; TGC_manual[2] 0.000000;				 TGC_manual[3] 0.000000; TGC_manual[4] 0.000000; TGC_manual[5] 0.000000;				 NE_on_off 0; NE_Tx_angle 0 ; NE_line_len 0 
[2024-09-20 09:55:22:155][P:13096:23260][ERROR][DataProcessAlgorithm\UltrasoundImagingProcessAlgorithm.cpp:1919] C_set Depth_level 2; WallFilter_level 1; Gain 50.000000; 				 ColorPriority_level 2;FrameCorrelation_level 2;				 Rx_start 0; Rx_num 12; Rx_idx 0; 				 Rx_len 8; Rx_scan_cross 3; 				 Width 1280; High 960; W_idx 26; W_len 0;				 H_idx 0; H_len 0; Theta 0.000000; 				 phi 0.000000; delta 0.000000; radius 0.000000;r_len 1.000000; 				 FrameHeader_len 8; ColorMap_level 1; 				 Color_mode 0; ColorMap_inversion 0; 
[2024-09-20 10:10:15:970][P:26608:424][ERROR][ColorImageEngineServer.cpp:177] Open HW failed : 11
[2024-09-20 10:10:15:971][P:26608:424][ERROR][ColorImageEngineServer.cpp:247]  OpenHW Error 11
[2024-09-20 10:10:15:971][P:26608:424][ERROR][ColorImageEngineServer.cpp:252]  SetATGC32 Error 1
[2024-09-20 10:10:15:972][P:26608:424][ERROR][ColorImageEngineServer.cpp:256]  SetApo Error 1
[2024-09-20 10:10:15:973][P:26608:424][ERROR][ColorImageEngineServer.cpp:260]  SetApoComp Error 1
[2024-09-20 10:10:35:988][P:26608:424][ERROR][DataProcessAlgorithm\UltrasoundImagingProcessAlgorithm.cpp:1812] Algorithm Set Error : -214
[2024-09-20 10:10:35:988][P:26608:424][ERROR][DataProcessAlgorithm\UltrasoundImagingProcessAlgorithm.cpp:1902] B_set Depth_level 2; Gain 50.000000; DR 60.000000; SRI_level 5;				 Correlation_level 3; Width 1280; High 960; AD_len 1;				 FrameHeader_len 8; GrayColorMap_level 3; TintMap_level 0;				 TGC_manual[0] 0.000000; TGC_manual[1] 0.000000; TGC_manual[2] 0.000000;				 TGC_manual[3] 0.000000; TGC_manual[4] 0.000000; TGC_manual[5] 0.000000;				 NE_on_off 0; NE_Tx_angle 0 ; NE_line_len 0 
[2024-09-20 10:10:35:988][P:26608:424][ERROR][DataProcessAlgorithm\UltrasoundImagingProcessAlgorithm.cpp:1919] C_set Depth_level 2; WallFilter_level 1; Gain 50.000000; 				 ColorPriority_level 2;FrameCorrelation_level 2;				 Rx_start 0; Rx_num 12; Rx_idx 0; 				 Rx_len 8; Rx_scan_cross 3; 				 Width 1280; High 960; W_idx 26; W_len 0;				 H_idx 0; H_len 0; Theta 0.000000; 				 phi 0.000000; delta 0.000000; radius 0.000000;r_len 1.000000; 				 FrameHeader_len 8; ColorMap_level 1; 				 Color_mode 0; ColorMap_inversion 0; 
[2024-09-20 10:22:29:904][P:21944:16680][ERROR][ColorImageEngineServer.cpp:177] Open HW failed : 11
[2024-09-20 10:22:29:905][P:21944:16680][ERROR][ColorImageEngineServer.cpp:247]  OpenHW Error 11
[2024-09-20 10:22:29:905][P:21944:16680][ERROR][ColorImageEngineServer.cpp:252]  SetATGC32 Error 1
[2024-09-20 10:22:29:907][P:21944:16680][ERROR][ColorImageEngineServer.cpp:256]  SetApo Error 1
[2024-09-20 10:22:29:908][P:21944:16680][ERROR][ColorImageEngineServer.cpp:260]  SetApoComp Error 1
[2024-09-20 10:30:13:009][P:21976:5720][ERROR][ColorImageEngineServer.cpp:177] Open HW failed : 11
[2024-09-20 10:30:13:010][P:21976:5720][ERROR][ColorImageEngineServer.cpp:247]  OpenHW Error 11
[2024-09-20 10:30:13:010][P:21976:5720][ERROR][ColorImageEngineServer.cpp:252]  SetATGC32 Error 1
[2024-09-20 10:30:13:011][P:21976:5720][ERROR][ColorImageEngineServer.cpp:256]  SetApo Error 1
[2024-09-20 10:30:13:012][P:21976:5720][ERROR][ColorImageEngineServer.cpp:260]  SetApoComp Error 1
[2024-09-20 10:30:34:328][P:21976:5720][ERROR][DataProcessAlgorithm\UltrasoundImagingProcessAlgorithm.cpp:1812] Algorithm Set Error : -214
[2024-09-20 10:30:34:328][P:21976:5720][ERROR][DataProcessAlgorithm\UltrasoundImagingProcessAlgorithm.cpp:1902] B_set Depth_level 2; Gain 50.000000; DR 60.000000; SRI_level 5;				 Correlation_level 3; Width 1280; High 960; AD_len 1;				 FrameHeader_len 8; GrayColorMap_level 3; TintMap_level 0;				 TGC_manual[0] 0.000000; TGC_manual[1] 0.000000; TGC_manual[2] 0.000000;				 TGC_manual[3] 0.000000; TGC_manual[4] 0.000000; TGC_manual[5] 0.000000;				 NE_on_off 0; NE_Tx_angle 0 ; NE_line_len 0 
[2024-09-20 10:30:34:328][P:21976:5720][ERROR][DataProcessAlgorithm\UltrasoundImagingProcessAlgorithm.cpp:1919] C_set Depth_level 2; WallFilter_level 1; Gain 50.000000; 				 ColorPriority_level 2;FrameCorrelation_level 2;				 Rx_start 0; Rx_num 12; Rx_idx 0; 				 Rx_len 8; Rx_scan_cross 3; 				 Width 1280; High 960; W_idx 26; W_len 0;				 H_idx 0; H_len 0; Theta 0.000000; 				 phi 0.000000; delta 0.000000; radius 0.000000;r_len 1.000000; 				 FrameHeader_len 8; ColorMap_level 1; 				 Color_mode 0; ColorMap_inversion 0; 
[2024-09-20 10:40:26:945][P:16304:6180][ERROR][ColorImageEngineServer.cpp:177] Open HW failed : 11
[2024-09-20 10:40:26:946][P:16304:6180][ERROR][ColorImageEngineServer.cpp:247]  OpenHW Error 11
[2024-09-20 10:40:26:946][P:16304:6180][ERROR][ColorImageEngineServer.cpp:252]  SetATGC32 Error 1
[2024-09-20 10:40:26:947][P:16304:6180][ERROR][ColorImageEngineServer.cpp:256]  SetApo Error 1
[2024-09-20 10:40:26:948][P:16304:6180][ERROR][ColorImageEngineServer.cpp:260]  SetApoComp Error 1
[2024-09-20 10:40:49:933][P:16304:6180][ERROR][DataProcessAlgorithm\UltrasoundImagingProcessAlgorithm.cpp:1812] Algorithm Set Error : -214
[2024-09-20 10:40:49:934][P:16304:6180][ERROR][DataProcessAlgorithm\UltrasoundImagingProcessAlgorithm.cpp:1902] B_set Depth_level 2; Gain 50.000000; DR 60.000000; SRI_level 5;				 Correlation_level 3; Width 1280; High 960; AD_len 1;				 FrameHeader_len 8; GrayColorMap_level 3; TintMap_level 0;				 TGC_manual[0] 0.000000; TGC_manual[1] 0.000000; TGC_manual[2] 0.000000;				 TGC_manual[3] 0.000000; TGC_manual[4] 0.000000; TGC_manual[5] 0.000000;				 NE_on_off 0; NE_Tx_angle 0 ; NE_line_len 0 
[2024-09-20 10:40:49:934][P:16304:6180][ERROR][DataProcessAlgorithm\UltrasoundImagingProcessAlgorithm.cpp:1919] C_set Depth_level 2; WallFilter_level 1; Gain 50.000000; 				 ColorPriority_level 2;FrameCorrelation_level 2;				 Rx_start 0; Rx_num 12; Rx_idx 0; 				 Rx_len 8; Rx_scan_cross 3; 				 Width 1280; High 960; W_idx 26; W_len 0;				 H_idx 0; H_len 0; Theta 0.000000; 				 phi 0.000000; delta 0.000000; radius 0.000000;r_len 1.000000; 				 FrameHeader_len 8; ColorMap_level 1; 				 Color_mode 0; ColorMap_inversion 0; 
[2024-09-20 23:08:07:977][P:13452:22396][ERROR][ColorImageEngineServer.cpp:177] Open HW failed : 11
[2024-09-20 23:08:07:979][P:13452:22396][ERROR][ColorImageEngineServer.cpp:247]  OpenHW Error 11
[2024-09-20 23:08:07:979][P:13452:22396][ERROR][ColorImageEngineServer.cpp:252]  SetATGC32 Error 1
[2024-09-20 23:08:07:981][P:13452:22396][ERROR][ColorImageEngineServer.cpp:256]  SetApo Error 1
[2024-09-20 23:08:07:982][P:13452:22396][ERROR][ColorImageEngineServer.cpp:260]  SetApoComp Error 1
[2024-09-20 23:11:48:293][P:20328:25820][ERROR][ColorImageEngineServer.cpp:177] Open HW failed : 11
[2024-09-20 23:11:48:294][P:20328:25820][ERROR][ColorImageEngineServer.cpp:247]  OpenHW Error 11
[2024-09-20 23:11:48:294][P:20328:25820][ERROR][ColorImageEngineServer.cpp:252]  SetATGC32 Error 1
[2024-09-20 23:11:48:295][P:20328:25820][ERROR][ColorImageEngineServer.cpp:256]  SetApo Error 1
[2024-09-20 23:11:48:296][P:20328:25820][ERROR][ColorImageEngineServer.cpp:260]  SetApoComp Error 1
[2024-09-20 23:13:34:430][P:8960:2176][ERROR][ColorImageEngineServer.cpp:177] Open HW failed : 11
[2024-09-20 23:13:34:431][P:8960:2176][ERROR][ColorImageEngineServer.cpp:247]  OpenHW Error 11
[2024-09-20 23:13:34:431][P:8960:2176][ERROR][ColorImageEngineServer.cpp:252]  SetATGC32 Error 1
[2024-09-20 23:13:34:432][P:8960:2176][ERROR][ColorImageEngineServer.cpp:256]  SetApo Error 1
[2024-09-20 23:13:34:433][P:8960:2176][ERROR][ColorImageEngineServer.cpp:260]  SetApoComp Error 1
[2024-09-20 23:14:23:720][P:2104:21160][ERROR][ColorImageEngineServer.cpp:177] Open HW failed : 11
[2024-09-20 23:14:23:720][P:2104:21160][ERROR][ColorImageEngineServer.cpp:247]  OpenHW Error 11
[2024-09-20 23:14:23:721][P:2104:21160][ERROR][ColorImageEngineServer.cpp:252]  SetATGC32 Error 1
[2024-09-20 23:14:23:722][P:2104:21160][ERROR][ColorImageEngineServer.cpp:256]  SetApo Error 1
[2024-09-20 23:14:23:723][P:2104:21160][ERROR][ColorImageEngineServer.cpp:260]  SetApoComp Error 1
[2024-09-20 23:37:08:602][P:16636:4180][ERROR][ColorImageEngineServer.cpp:177] Open HW failed : 11
[2024-09-20 23:37:08:602][P:16636:4180][ERROR][ColorImageEngineServer.cpp:247]  OpenHW Error 11
[2024-09-20 23:37:08:602][P:16636:4180][ERROR][ColorImageEngineServer.cpp:252]  SetATGC32 Error 1
[2024-09-20 23:37:08:603][P:16636:4180][ERROR][ColorImageEngineServer.cpp:256]  SetApo Error 1
[2024-09-20 23:37:08:604][P:16636:4180][ERROR][ColorImageEngineServer.cpp:260]  SetApoComp Error 1
[2024-09-20 23:40:05:019][P:5608:20760][ERROR][ColorImageEngineServer.cpp:177] Open HW failed : 11
[2024-09-20 23:40:05:020][P:5608:20760][ERROR][ColorImageEngineServer.cpp:247]  OpenHW Error 11
[2024-09-20 23:40:05:021][P:5608:20760][ERROR][ColorImageEngineServer.cpp:252]  SetATGC32 Error 1
[2024-09-20 23:40:05:022][P:5608:20760][ERROR][ColorImageEngineServer.cpp:256]  SetApo Error 1
[2024-09-20 23:40:05:022][P:5608:20760][ERROR][ColorImageEngineServer.cpp:260]  SetApoComp Error 1
[2024-09-20 23:42:44:826][P:6472:21216][ERROR][ColorImageEngineServer.cpp:177] Open HW failed : 11
[2024-09-20 23:42:44:827][P:6472:21216][ERROR][ColorImageEngineServer.cpp:247]  OpenHW Error 11
[2024-09-20 23:42:44:827][P:6472:21216][ERROR][ColorImageEngineServer.cpp:252]  SetATGC32 Error 1
[2024-09-20 23:42:44:828][P:6472:21216][ERROR][ColorImageEngineServer.cpp:256]  SetApo Error 1
[2024-09-20 23:42:44:828][P:6472:21216][ERROR][ColorImageEngineServer.cpp:260]  SetApoComp Error 1
[2024-09-20 23:50:52:540][P:18556:6548][ERROR][ColorImageEngineServer.cpp:177] Open HW failed : 11
[2024-09-20 23:50:52:540][P:18556:6548][ERROR][ColorImageEngineServer.cpp:247]  OpenHW Error 11
[2024-09-20 23:50:52:540][P:18556:6548][ERROR][ColorImageEngineServer.cpp:252]  SetATGC32 Error 1
[2024-09-20 23:50:52:541][P:18556:6548][ERROR][ColorImageEngineServer.cpp:256]  SetApo Error 1
[2024-09-20 23:50:52:542][P:18556:6548][ERROR][ColorImageEngineServer.cpp:260]  SetApoComp Error 1
[2024-09-20 23:54:07:672][P:18688:16296][ERROR][ColorImageEngineServer.cpp:177] Open HW failed : 11
[2024-09-20 23:54:07:672][P:18688:16296][ERROR][ColorImageEngineServer.cpp:247]  OpenHW Error 11
[2024-09-20 23:54:07:673][P:18688:16296][ERROR][ColorImageEngineServer.cpp:252]  SetATGC32 Error 1
[2024-09-20 23:54:07:674][P:18688:16296][ERROR][ColorImageEngineServer.cpp:256]  SetApo Error 1
[2024-09-20 23:54:07:675][P:18688:16296][ERROR][ColorImageEngineServer.cpp:260]  SetApoComp Error 1
[2024-09-20 23:56:51:964][P:18716:21768][ERROR][ColorImageEngineServer.cpp:177] Open HW failed : 11
[2024-09-20 23:56:51:964][P:18716:21768][ERROR][ColorImageEngineServer.cpp:247]  OpenHW Error 11
[2024-09-20 23:56:51:965][P:18716:21768][ERROR][ColorImageEngineServer.cpp:252]  SetATGC32 Error 1
[2024-09-20 23:56:51:966][P:18716:21768][ERROR][ColorImageEngineServer.cpp:256]  SetApo Error 1
[2024-09-20 23:56:51:967][P:18716:21768][ERROR][ColorImageEngineServer.cpp:260]  SetApoComp Error 1
[2024-09-20 23:57:52:726][P:8908:10588][ERROR][ColorImageEngineServer.cpp:177] Open HW failed : 11
[2024-09-20 23:57:52:726][P:8908:10588][ERROR][ColorImageEngineServer.cpp:247]  OpenHW Error 11
[2024-09-20 23:57:52:727][P:8908:10588][ERROR][ColorImageEngineServer.cpp:252]  SetATGC32 Error 1
[2024-09-20 23:57:52:728][P:8908:10588][ERROR][ColorImageEngineServer.cpp:256]  SetApo Error 1
[2024-09-20 23:57:52:728][P:8908:10588][ERROR][ColorImageEngineServer.cpp:260]  SetApoComp Error 1
[2024-09-20 23:58:23:631][P:13712:12160][ERROR][ColorImageEngineServer.cpp:177] Open HW failed : 11
[2024-09-20 23:58:23:632][P:13712:12160][ERROR][ColorImageEngineServer.cpp:247]  OpenHW Error 11
[2024-09-20 23:58:23:632][P:13712:12160][ERROR][ColorImageEngineServer.cpp:252]  SetATGC32 Error 1
[2024-09-20 23:58:23:633][P:13712:12160][ERROR][ColorImageEngineServer.cpp:256]  SetApo Error 1
[2024-09-20 23:58:23:634][P:13712:12160][ERROR][ColorImageEngineServer.cpp:260]  SetApoComp Error 1
[2024-09-27 21:50:31:588][P:17064:21084][ERROR][ColorImageEngineServer.cpp:177] Open HW failed : 11
[2024-09-27 21:50:31:589][P:17064:21084][ERROR][ColorImageEngineServer.cpp:247]  OpenHW Error 11
[2024-09-27 21:50:31:589][P:17064:21084][ERROR][ColorImageEngineServer.cpp:252]  SetATGC32 Error 1
[2024-09-27 21:50:31:591][P:17064:21084][ERROR][ColorImageEngineServer.cpp:256]  SetApo Error 1
[2024-09-27 21:50:31:592][P:17064:21084][ERROR][ColorImageEngineServer.cpp:260]  SetApoComp Error 1
[2024-09-27 21:51:07:554][P:12924:14052][ERROR][ColorImageEngineServer.cpp:177] Open HW failed : 11
[2024-09-27 21:51:07:555][P:12924:14052][ERROR][ColorImageEngineServer.cpp:247]  OpenHW Error 11
[2024-09-27 21:51:07:555][P:12924:14052][ERROR][ColorImageEngineServer.cpp:252]  SetATGC32 Error 1
[2024-09-27 21:51:07:556][P:12924:14052][ERROR][ColorImageEngineServer.cpp:256]  SetApo Error 1
[2024-09-27 21:51:07:557][P:12924:14052][ERROR][ColorImageEngineServer.cpp:260]  SetApoComp Error 1
[2024-09-27 21:51:37:303][P:17264:5748][ERROR][ColorImageEngineServer.cpp:177] Open HW failed : 11
[2024-09-27 21:51:37:304][P:17264:5748][ERROR][ColorImageEngineServer.cpp:247]  OpenHW Error 11
[2024-09-27 21:51:37:304][P:17264:5748][ERROR][ColorImageEngineServer.cpp:252]  SetATGC32 Error 1
[2024-09-27 21:51:37:305][P:17264:5748][ERROR][ColorImageEngineServer.cpp:256]  SetApo Error 1
[2024-09-27 21:51:37:306][P:17264:5748][ERROR][ColorImageEngineServer.cpp:260]  SetApoComp Error 1
[2024-09-27 21:52:17:364][P:11768:12612][ERROR][ColorImageEngineServer.cpp:177] Open HW failed : 11
[2024-09-27 21:52:17:365][P:11768:12612][ERROR][ColorImageEngineServer.cpp:247]  OpenHW Error 11
[2024-09-27 21:52:17:365][P:11768:12612][ERROR][ColorImageEngineServer.cpp:252]  SetATGC32 Error 1
[2024-09-27 21:52:17:366][P:11768:12612][ERROR][ColorImageEngineServer.cpp:256]  SetApo Error 1
[2024-09-27 21:52:17:367][P:11768:12612][ERROR][ColorImageEngineServer.cpp:260]  SetApoComp Error 1
[2024-09-27 21:58:01:931][P:6680:14780][ERROR][ColorImageEngineServer.cpp:177] Open HW failed : 11
[2024-09-27 21:58:01:932][P:6680:14780][ERROR][ColorImageEngineServer.cpp:247]  OpenHW Error 11
[2024-09-27 21:58:01:932][P:6680:14780][ERROR][ColorImageEngineServer.cpp:252]  SetATGC32 Error 1
[2024-09-27 21:58:01:933][P:6680:14780][ERROR][ColorImageEngineServer.cpp:256]  SetApo Error 1
[2024-09-27 21:58:01:934][P:6680:14780][ERROR][ColorImageEngineServer.cpp:260]  SetApoComp Error 1
[2024-09-27 21:59:14:801][P:13264:18272][ERROR][ColorImageEngineServer.cpp:177] Open HW failed : 11
[2024-09-27 21:59:14:802][P:13264:18272][ERROR][ColorImageEngineServer.cpp:247]  OpenHW Error 11
[2024-09-27 21:59:14:802][P:13264:18272][ERROR][ColorImageEngineServer.cpp:252]  SetATGC32 Error 1
[2024-09-27 21:59:14:803][P:13264:18272][ERROR][ColorImageEngineServer.cpp:256]  SetApo Error 1
[2024-09-27 21:59:14:804][P:13264:18272][ERROR][ColorImageEngineServer.cpp:260]  SetApoComp Error 1
[2024-09-27 22:01:07:358][P:5152:1328][ERROR][ColorImageEngineServer.cpp:177] Open HW failed : 11
[2024-09-27 22:01:07:359][P:5152:1328][ERROR][ColorImageEngineServer.cpp:247]  OpenHW Error 11
[2024-09-27 22:01:07:359][P:5152:1328][ERROR][ColorImageEngineServer.cpp:252]  SetATGC32 Error 1
[2024-09-27 22:01:07:360][P:5152:1328][ERROR][ColorImageEngineServer.cpp:256]  SetApo Error 1
[2024-09-27 22:01:07:361][P:5152:1328][ERROR][ColorImageEngineServer.cpp:260]  SetApoComp Error 1
[2024-09-27 22:01:34:783][P:12784:11840][ERROR][ColorImageEngineServer.cpp:177] Open HW failed : 11
[2024-09-27 22:01:34:784][P:12784:11840][ERROR][ColorImageEngineServer.cpp:247]  OpenHW Error 11
[2024-09-27 22:01:34:784][P:12784:11840][ERROR][ColorImageEngineServer.cpp:252]  SetATGC32 Error 1
[2024-09-27 22:01:34:785][P:12784:11840][ERROR][ColorImageEngineServer.cpp:256]  SetApo Error 1
[2024-09-27 22:01:34:786][P:12784:11840][ERROR][ColorImageEngineServer.cpp:260]  SetApoComp Error 1
[2024-09-27 22:03:14:371][P:12868:17268][ERROR][ColorImageEngineServer.cpp:177] Open HW failed : 11
[2024-09-27 22:03:14:372][P:12868:17268][ERROR][ColorImageEngineServer.cpp:247]  OpenHW Error 11
[2024-09-27 22:03:14:372][P:12868:17268][ERROR][ColorImageEngineServer.cpp:252]  SetATGC32 Error 1
[2024-09-27 22:03:14:373][P:12868:17268][ERROR][ColorImageEngineServer.cpp:256]  SetApo Error 1
[2024-09-27 22:03:14:374][P:12868:17268][ERROR][ColorImageEngineServer.cpp:260]  SetApoComp Error 1
[2024-09-27 22:03:49:503][P:17212:21800][ERROR][ColorImageEngineServer.cpp:177] Open HW failed : 11
[2024-09-27 22:03:49:504][P:17212:21800][ERROR][ColorImageEngineServer.cpp:247]  OpenHW Error 11
[2024-09-27 22:03:49:504][P:17212:21800][ERROR][ColorImageEngineServer.cpp:252]  SetATGC32 Error 1
[2024-09-27 22:03:49:505][P:17212:21800][ERROR][ColorImageEngineServer.cpp:256]  SetApo Error 1
[2024-09-27 22:03:49:506][P:17212:21800][ERROR][ColorImageEngineServer.cpp:260]  SetApoComp Error 1
[2024-09-27 22:05:11:628][P:20832:17416][ERROR][ColorImageEngineServer.cpp:177] Open HW failed : 11
[2024-09-27 22:05:11:629][P:20832:17416][ERROR][ColorImageEngineServer.cpp:247]  OpenHW Error 11
[2024-09-27 22:05:11:629][P:20832:17416][ERROR][ColorImageEngineServer.cpp:252]  SetATGC32 Error 1
[2024-09-27 22:05:11:630][P:20832:17416][ERROR][ColorImageEngineServer.cpp:256]  SetApo Error 1
[2024-09-27 22:05:11:631][P:20832:17416][ERROR][ColorImageEngineServer.cpp:260]  SetApoComp Error 1
[2024-09-27 22:06:24:890][P:11436:18712][ERROR][ColorImageEngineServer.cpp:177] Open HW failed : 11
[2024-09-27 22:06:24:891][P:11436:18712][ERROR][ColorImageEngineServer.cpp:247]  OpenHW Error 11
[2024-09-27 22:06:24:891][P:11436:18712][ERROR][ColorImageEngineServer.cpp:252]  SetATGC32 Error 1
[2024-09-27 22:06:24:892][P:11436:18712][ERROR][ColorImageEngineServer.cpp:256]  SetApo Error 1
[2024-09-27 22:06:24:893][P:11436:18712][ERROR][ColorImageEngineServer.cpp:260]  SetApoComp Error 1
[2024-09-27 22:06:54:706][P:11200:12672][ERROR][ColorImageEngineServer.cpp:177] Open HW failed : 11
[2024-09-27 22:06:54:707][P:11200:12672][ERROR][ColorImageEngineServer.cpp:247]  OpenHW Error 11
[2024-09-27 22:06:54:707][P:11200:12672][ERROR][ColorImageEngineServer.cpp:252]  SetATGC32 Error 1
[2024-09-27 22:06:54:708][P:11200:12672][ERROR][ColorImageEngineServer.cpp:256]  SetApo Error 1
[2024-09-27 22:06:54:709][P:11200:12672][ERROR][ColorImageEngineServer.cpp:260]  SetApoComp Error 1
[2024-09-27 22:23:40:407][P:17532:20192][ERROR][ColorImageEngineServer.cpp:177] Open HW failed : 11
[2024-09-27 22:23:40:408][P:17532:20192][ERROR][ColorImageEngineServer.cpp:247]  OpenHW Error 11
[2024-09-27 22:23:40:408][P:17532:20192][ERROR][ColorImageEngineServer.cpp:252]  SetATGC32 Error 1
[2024-09-27 22:23:40:409][P:17532:20192][ERROR][ColorImageEngineServer.cpp:256]  SetApo Error 1
[2024-09-27 22:23:40:410][P:17532:20192][ERROR][ColorImageEngineServer.cpp:260]  SetApoComp Error 1
[2024-09-28 18:25:13:330][P:15008:22236][ERROR][ColorImageEngineServer.cpp:177] Open HW failed : 11
[2024-09-28 18:25:13:331][P:15008:22236][ERROR][ColorImageEngineServer.cpp:247]  OpenHW Error 11
[2024-09-28 18:25:13:331][P:15008:22236][ERROR][ColorImageEngineServer.cpp:252]  SetATGC32 Error 1
[2024-09-28 18:25:13:337][P:15008:22236][ERROR][ColorImageEngineServer.cpp:256]  SetApo Error 1
[2024-09-28 18:25:13:341][P:15008:22236][ERROR][ColorImageEngineServer.cpp:260]  SetApoComp Error 1
[2024-09-30 22:16:47:408][P:18260:5160][ERROR][ColorImageEngineServer.cpp:177] Open HW failed : 11
[2024-09-30 22:16:47:408][P:18260:5160][ERROR][ColorImageEngineServer.cpp:247]  OpenHW Error 11
[2024-09-30 22:16:47:409][P:18260:5160][ERROR][ColorImageEngineServer.cpp:252]  SetATGC32 Error 1
[2024-09-30 22:16:47:415][P:18260:5160][ERROR][ColorImageEngineServer.cpp:256]  SetApo Error 1
[2024-09-30 22:16:47:419][P:18260:5160][ERROR][ColorImageEngineServer.cpp:260]  SetApoComp Error 1
[2024-09-30 22:16:53:328][P:18260:5160][ERROR][DataProcessAlgorithm\UltrasoundImagingProcessAlgorithm.cpp:1812] Algorithm Set Error : -214
[2024-09-30 22:16:53:329][P:18260:5160][ERROR][DataProcessAlgorithm\UltrasoundImagingProcessAlgorithm.cpp:1902] B_set Depth_level 2; Gain 50.000000; DR 60.000000; SRI_level 5;				 Correlation_level 3; Width 1280; High 960; AD_len 1;				 FrameHeader_len 8; GrayColorMap_level 3; TintMap_level 0;				 TGC_manual[0] 0.000000; TGC_manual[1] 0.000000; TGC_manual[2] 0.000000;				 TGC_manual[3] 0.000000; TGC_manual[4] 0.000000; TGC_manual[5] 0.000000;				 NE_on_off 0; NE_Tx_angle 0 ; NE_line_len 0 
[2024-09-30 22:16:53:329][P:18260:5160][ERROR][DataProcessAlgorithm\UltrasoundImagingProcessAlgorithm.cpp:1919] C_set Depth_level 2; WallFilter_level 1; Gain 50.000000; 				 ColorPriority_level 2;FrameCorrelation_level 2;				 Rx_start 0; Rx_num 12; Rx_idx 0; 				 Rx_len 8; Rx_scan_cross 3; 				 Width 1280; High 960; W_idx 26; W_len 0;				 H_idx 0; H_len 0; Theta 0.000000; 				 phi 0.000000; delta 0.000000; radius 0.000000;r_len 1.000000; 				 FrameHeader_len 8; ColorMap_level 1; 				 Color_mode 0; ColorMap_inversion 0; 
[2024-09-30 22:27:56:724][P:8900:21196][ERROR][ColorImageEngineServer.cpp:177] Open HW failed : 11
[2024-09-30 22:27:56:725][P:8900:21196][ERROR][ColorImageEngineServer.cpp:247]  OpenHW Error 11
[2024-09-30 22:27:56:725][P:8900:21196][ERROR][ColorImageEngineServer.cpp:252]  SetATGC32 Error 1
[2024-09-30 22:27:56:726][P:8900:21196][ERROR][ColorImageEngineServer.cpp:256]  SetApo Error 1
[2024-09-30 22:27:56:727][P:8900:21196][ERROR][ColorImageEngineServer.cpp:260]  SetApoComp Error 1
[2024-09-30 22:28:00:293][P:8900:21196][ERROR][DataProcessAlgorithm\UltrasoundImagingProcessAlgorithm.cpp:1812] Algorithm Set Error : -214
[2024-09-30 22:28:00:293][P:8900:21196][ERROR][DataProcessAlgorithm\UltrasoundImagingProcessAlgorithm.cpp:1902] B_set Depth_level 2; Gain 50.000000; DR 60.000000; SRI_level 5;				 Correlation_level 3; Width 1280; High 960; AD_len 1;				 FrameHeader_len 8; GrayColorMap_level 3; TintMap_level 0;				 TGC_manual[0] 0.000000; TGC_manual[1] 0.000000; TGC_manual[2] 0.000000;				 TGC_manual[3] 0.000000; TGC_manual[4] 0.000000; TGC_manual[5] 0.000000;				 NE_on_off 0; NE_Tx_angle 0 ; NE_line_len 0 
[2024-09-30 22:28:00:293][P:8900:21196][ERROR][DataProcessAlgorithm\UltrasoundImagingProcessAlgorithm.cpp:1919] C_set Depth_level 2; WallFilter_level 1; Gain 50.000000; 				 ColorPriority_level 2;FrameCorrelation_level 2;				 Rx_start 0; Rx_num 12; Rx_idx 0; 				 Rx_len 8; Rx_scan_cross 3; 				 Width 1280; High 960; W_idx 26; W_len 0;				 H_idx 0; H_len 0; Theta 0.000000; 				 phi 0.000000; delta 0.000000; radius 0.000000;r_len 1.000000; 				 FrameHeader_len 8; ColorMap_level 1; 				 Color_mode 0; ColorMap_inversion 0; 
[2024-09-30 22:33:48:098][P:18924:19336][ERROR][ColorImageEngineServer.cpp:177] Open HW failed : 11
[2024-09-30 22:33:48:098][P:18924:19336][ERROR][ColorImageEngineServer.cpp:247]  OpenHW Error 11
[2024-09-30 22:33:48:099][P:18924:19336][ERROR][ColorImageEngineServer.cpp:252]  SetATGC32 Error 1
[2024-09-30 22:33:48:100][P:18924:19336][ERROR][ColorImageEngineServer.cpp:256]  SetApo Error 1
[2024-09-30 22:33:48:101][P:18924:19336][ERROR][ColorImageEngineServer.cpp:260]  SetApoComp Error 1
[2024-09-30 22:34:07:127][P:18924:19336][ERROR][DataProcessAlgorithm\UltrasoundImagingProcessAlgorithm.cpp:1812] Algorithm Set Error : -214
[2024-09-30 22:34:07:127][P:18924:19336][ERROR][DataProcessAlgorithm\UltrasoundImagingProcessAlgorithm.cpp:1902] B_set Depth_level 2; Gain 50.000000; DR 60.000000; SRI_level 5;				 Correlation_level 3; Width 1280; High 960; AD_len 1;				 FrameHeader_len 8; GrayColorMap_level 3; TintMap_level 0;				 TGC_manual[0] 0.000000; TGC_manual[1] 0.000000; TGC_manual[2] 0.000000;				 TGC_manual[3] 0.000000; TGC_manual[4] 0.000000; TGC_manual[5] 0.000000;				 NE_on_off 0; NE_Tx_angle 0 ; NE_line_len 0 
[2024-09-30 22:34:07:127][P:18924:19336][ERROR][DataProcessAlgorithm\UltrasoundImagingProcessAlgorithm.cpp:1919] C_set Depth_level 2; WallFilter_level 1; Gain 50.000000; 				 ColorPriority_level 2;FrameCorrelation_level 2;				 Rx_start 0; Rx_num 12; Rx_idx 0; 				 Rx_len 8; Rx_scan_cross 3; 				 Width 1280; High 960; W_idx 26; W_len 0;				 H_idx 0; H_len 0; Theta 0.000000; 				 phi 0.000000; delta 0.000000; radius 0.000000;r_len 1.000000; 				 FrameHeader_len 8; ColorMap_level 1; 				 Color_mode 0; ColorMap_inversion 0; 
[2024-09-30 22:35:01:028][P:22832:22836][ERROR][ColorImageEngineServer.cpp:177] Open HW failed : 11
[2024-09-30 22:35:01:029][P:22832:22836][ERROR][ColorImageEngineServer.cpp:247]  OpenHW Error 11
[2024-09-30 22:35:01:029][P:22832:22836][ERROR][ColorImageEngineServer.cpp:252]  SetATGC32 Error 1
[2024-09-30 22:35:01:030][P:22832:22836][ERROR][ColorImageEngineServer.cpp:256]  SetApo Error 1
[2024-09-30 22:35:01:031][P:22832:22836][ERROR][ColorImageEngineServer.cpp:260]  SetApoComp Error 1
[2024-09-30 22:35:19:807][P:22832:22836][ERROR][DataProcessAlgorithm\UltrasoundImagingProcessAlgorithm.cpp:1812] Algorithm Set Error : -214
[2024-09-30 22:35:19:807][P:22832:22836][ERROR][DataProcessAlgorithm\UltrasoundImagingProcessAlgorithm.cpp:1902] B_set Depth_level 2; Gain 50.000000; DR 60.000000; SRI_level 5;				 Correlation_level 3; Width 1280; High 960; AD_len 1;				 FrameHeader_len 8; GrayColorMap_level 3; TintMap_level 0;				 TGC_manual[0] 0.000000; TGC_manual[1] 0.000000; TGC_manual[2] 0.000000;				 TGC_manual[3] 0.000000; TGC_manual[4] 0.000000; TGC_manual[5] 0.000000;				 NE_on_off 0; NE_Tx_angle 0 ; NE_line_len 0 
[2024-09-30 22:35:19:807][P:22832:22836][ERROR][DataProcessAlgorithm\UltrasoundImagingProcessAlgorithm.cpp:1919] C_set Depth_level 2; WallFilter_level 1; Gain 50.000000; 				 ColorPriority_level 2;FrameCorrelation_level 2;				 Rx_start 0; Rx_num 12; Rx_idx 0; 				 Rx_len 8; Rx_scan_cross 3; 				 Width 1280; High 960; W_idx 26; W_len 0;				 H_idx 0; H_len 0; Theta 0.000000; 				 phi 0.000000; delta 0.000000; radius 0.000000;r_len 1.000000; 				 FrameHeader_len 8; ColorMap_level 1; 				 Color_mode 0; ColorMap_inversion 0; 
[2024-09-30 22:39:19:696][P:10080:23336][ERROR][ColorImageEngineServer.cpp:177] Open HW failed : 11
[2024-09-30 22:39:19:697][P:10080:23336][ERROR][ColorImageEngineServer.cpp:247]  OpenHW Error 11
[2024-09-30 22:39:19:698][P:10080:23336][ERROR][ColorImageEngineServer.cpp:252]  SetATGC32 Error 1
[2024-09-30 22:39:19:698][P:10080:23336][ERROR][ColorImageEngineServer.cpp:256]  SetApo Error 1
[2024-09-30 22:39:19:699][P:10080:23336][ERROR][ColorImageEngineServer.cpp:260]  SetApoComp Error 1
[2024-09-30 22:45:38:784][P:9888:22580][ERROR][ColorImageEngineServer.cpp:177] Open HW failed : 11
[2024-09-30 22:45:38:785][P:9888:22580][ERROR][ColorImageEngineServer.cpp:247]  OpenHW Error 11
[2024-09-30 22:45:38:785][P:9888:22580][ERROR][ColorImageEngineServer.cpp:252]  SetATGC32 Error 1
[2024-09-30 22:45:38:786][P:9888:22580][ERROR][ColorImageEngineServer.cpp:256]  SetApo Error 1
[2024-09-30 22:45:38:787][P:9888:22580][ERROR][ColorImageEngineServer.cpp:260]  SetApoComp Error 1
[2024-09-30 22:45:49:212][P:9888:22580][ERROR][DataProcessAlgorithm\UltrasoundImagingProcessAlgorithm.cpp:1812] Algorithm Set Error : -214
[2024-09-30 22:45:49:212][P:9888:22580][ERROR][DataProcessAlgorithm\UltrasoundImagingProcessAlgorithm.cpp:1902] B_set Depth_level 2; Gain 50.000000; DR 60.000000; SRI_level 5;				 Correlation_level 3; Width 1280; High 960; AD_len 1;				 FrameHeader_len 8; GrayColorMap_level 3; TintMap_level 0;				 TGC_manual[0] 0.000000; TGC_manual[1] 0.000000; TGC_manual[2] 0.000000;				 TGC_manual[3] 0.000000; TGC_manual[4] 0.000000; TGC_manual[5] 0.000000;				 NE_on_off 0; NE_Tx_angle 0 ; NE_line_len 0 
[2024-09-30 22:45:49:212][P:9888:22580][ERROR][DataProcessAlgorithm\UltrasoundImagingProcessAlgorithm.cpp:1919] C_set Depth_level 2; WallFilter_level 1; Gain 50.000000; 				 ColorPriority_level 2;FrameCorrelation_level 2;				 Rx_start 0; Rx_num 12; Rx_idx 0; 				 Rx_len 8; Rx_scan_cross 3; 				 Width 1280; High 960; W_idx 26; W_len 0;				 H_idx 0; H_len 0; Theta 0.000000; 				 phi 0.000000; delta 0.000000; radius 0.000000;r_len 1.000000; 				 FrameHeader_len 8; ColorMap_level 1; 				 Color_mode 0; ColorMap_inversion 0; 
[2024-10-17 15:32:53:863][P:13288:3360][ERROR][ColorImageEngineServer.cpp:177] Open HW failed : 11
[2024-10-17 15:32:53:864][P:13288:3360][ERROR][ColorImageEngineServer.cpp:247]  OpenHW Error 11
[2024-10-17 15:32:53:864][P:13288:3360][ERROR][ColorImageEngineServer.cpp:252]  SetATGC32 Error 1
[2024-10-17 15:32:53:866][P:13288:3360][ERROR][ColorImageEngineServer.cpp:256]  SetApo Error 1
[2024-10-17 15:32:53:868][P:13288:3360][ERROR][ColorImageEngineServer.cpp:260]  SetApoComp Error 1
[2024-10-17 15:36:04:031][P:11544:12644][ERROR][ColorImageEngineServer.cpp:177] Open HW failed : 11
[2024-10-17 15:36:04:032][P:11544:12644][ERROR][ColorImageEngineServer.cpp:247]  OpenHW Error 11
[2024-10-17 15:36:04:032][P:11544:12644][ERROR][ColorImageEngineServer.cpp:252]  SetATGC32 Error 1
[2024-10-17 15:36:04:033][P:11544:12644][ERROR][ColorImageEngineServer.cpp:256]  SetApo Error 1
[2024-10-17 15:36:04:034][P:11544:12644][ERROR][ColorImageEngineServer.cpp:260]  SetApoComp Error 1
[2024-10-17 15:44:26:983][P:11544:12644][ERROR][DataProcessAlgorithm\UltrasoundImagingProcessAlgorithm.cpp:1812] Algorithm Set Error : -214
[2024-10-17 15:44:26:983][P:11544:12644][ERROR][DataProcessAlgorithm\UltrasoundImagingProcessAlgorithm.cpp:1902] B_set Depth_level 2; Gain 50.000000; DR 60.000000; SRI_level 5;				 Correlation_level 3; Width 1280; High 960; AD_len 1;				 FrameHeader_len 8; GrayColorMap_level 3; TintMap_level 0;				 TGC_manual[0] 0.000000; TGC_manual[1] 0.000000; TGC_manual[2] 0.000000;				 TGC_manual[3] 0.000000; TGC_manual[4] 0.000000; TGC_manual[5] 0.000000;				 NE_on_off 0; NE_Tx_angle 0 ; NE_line_len 0 
[2024-10-17 15:44:26:983][P:11544:12644][ERROR][DataProcessAlgorithm\UltrasoundImagingProcessAlgorithm.cpp:1919] C_set Depth_level 2; WallFilter_level 1; Gain 50.000000; 				 ColorPriority_level 2;FrameCorrelation_level 2;				 Rx_start 0; Rx_num 12; Rx_idx 0; 				 Rx_len 8; Rx_scan_cross 3; 				 Width 1280; High 960; W_idx 26; W_len 0;				 H_idx 0; H_len 0; Theta 0.000000; 				 phi 0.000000; delta 0.000000; radius 0.000000;r_len 1.000000; 				 FrameHeader_len 8; ColorMap_level 1; 				 Color_mode 0; ColorMap_inversion 0; 
[2024-10-17 16:08:14:040][P:9372:14044][ERROR][ColorImageEngineServer.cpp:177] Open HW failed : 11
[2024-10-17 16:08:14:041][P:9372:14044][ERROR][ColorImageEngineServer.cpp:247]  OpenHW Error 11
[2024-10-17 16:08:14:041][P:9372:14044][ERROR][ColorImageEngineServer.cpp:252]  SetATGC32 Error 1
[2024-10-17 16:08:14:046][P:9372:14044][ERROR][ColorImageEngineServer.cpp:256]  SetApo Error 1
[2024-10-17 16:08:14:050][P:9372:14044][ERROR][ColorImageEngineServer.cpp:260]  SetApoComp Error 1
[2024-10-17 16:08:19:393][P:9372:14044][ERROR][DataProcessAlgorithm\UltrasoundImagingProcessAlgorithm.cpp:1812] Algorithm Set Error : -214
[2024-10-17 16:08:19:393][P:9372:14044][ERROR][DataProcessAlgorithm\UltrasoundImagingProcessAlgorithm.cpp:1902] B_set Depth_level 2; Gain 50.000000; DR 60.000000; SRI_level 5;				 Correlation_level 3; Width 1280; High 960; AD_len 1;				 FrameHeader_len 8; GrayColorMap_level 3; TintMap_level 0;				 TGC_manual[0] 0.000000; TGC_manual[1] 0.000000; TGC_manual[2] 0.000000;				 TGC_manual[3] 0.000000; TGC_manual[4] 0.000000; TGC_manual[5] 0.000000;				 NE_on_off 0; NE_Tx_angle 0 ; NE_line_len 0 
[2024-10-17 16:08:19:393][P:9372:14044][ERROR][DataProcessAlgorithm\UltrasoundImagingProcessAlgorithm.cpp:1919] C_set Depth_level 2; WallFilter_level 1; Gain 50.000000; 				 ColorPriority_level 2;FrameCorrelation_level 2;				 Rx_start 0; Rx_num 12; Rx_idx 0; 				 Rx_len 8; Rx_scan_cross 3; 				 Width 1280; High 960; W_idx 26; W_len 0;				 H_idx 0; H_len 0; Theta 0.000000; 				 phi 0.000000; delta 0.000000; radius 0.000000;r_len 1.000000; 				 FrameHeader_len 8; ColorMap_level 1; 				 Color_mode 0; ColorMap_inversion 0; 
[2024-10-17 16:19:43:046][P:12132:8484][ERROR][ColorImageEngineServer.cpp:177] Open HW failed : 11
[2024-10-17 16:19:43:047][P:12132:8484][ERROR][ColorImageEngineServer.cpp:247]  OpenHW Error 11
[2024-10-17 16:19:43:047][P:12132:8484][ERROR][ColorImageEngineServer.cpp:252]  SetATGC32 Error 1
[2024-10-17 16:19:43:048][P:12132:8484][ERROR][ColorImageEngineServer.cpp:256]  SetApo Error 1
[2024-10-17 16:19:43:049][P:12132:8484][ERROR][ColorImageEngineServer.cpp:260]  SetApoComp Error 1
[2024-10-17 16:25:01:045][P:10928:19660][ERROR][ColorImageEngineServer.cpp:177] Open HW failed : 11
[2024-10-17 16:25:01:046][P:10928:19660][ERROR][ColorImageEngineServer.cpp:247]  OpenHW Error 11
[2024-10-17 16:25:01:046][P:10928:19660][ERROR][ColorImageEngineServer.cpp:252]  SetATGC32 Error 1
[2024-10-17 16:25:01:047][P:10928:19660][ERROR][ColorImageEngineServer.cpp:256]  SetApo Error 1
[2024-10-17 16:25:01:048][P:10928:19660][ERROR][ColorImageEngineServer.cpp:260]  SetApoComp Error 1
[2024-10-17 16:26:47:841][P:3932:7020][ERROR][ColorImageEngineServer.cpp:177] Open HW failed : 11
[2024-10-17 16:26:47:841][P:3932:7020][ERROR][ColorImageEngineServer.cpp:247]  OpenHW Error 11
[2024-10-17 16:26:47:842][P:3932:7020][ERROR][ColorImageEngineServer.cpp:252]  SetATGC32 Error 1
[2024-10-17 16:26:47:843][P:3932:7020][ERROR][ColorImageEngineServer.cpp:256]  SetApo Error 1
[2024-10-17 16:26:47:844][P:3932:7020][ERROR][ColorImageEngineServer.cpp:260]  SetApoComp Error 1
[2024-10-17 16:29:23:966][P:17012:20824][ERROR][ColorImageEngineServer.cpp:177] Open HW failed : 11
[2024-10-17 16:29:23:966][P:17012:20824][ERROR][ColorImageEngineServer.cpp:247]  OpenHW Error 11
[2024-10-17 16:29:23:967][P:17012:20824][ERROR][ColorImageEngineServer.cpp:252]  SetATGC32 Error 1
[2024-10-17 16:29:23:968][P:17012:20824][ERROR][ColorImageEngineServer.cpp:256]  SetApo Error 1
[2024-10-17 16:29:23:969][P:17012:20824][ERROR][ColorImageEngineServer.cpp:260]  SetApoComp Error 1
[2024-10-17 16:59:55:673][P:20864:21124][ERROR][ColorImageEngineServer.cpp:177] Open HW failed : 11
[2024-10-17 16:59:55:674][P:20864:21124][ERROR][ColorImageEngineServer.cpp:247]  OpenHW Error 11
[2024-10-17 16:59:55:674][P:20864:21124][ERROR][ColorImageEngineServer.cpp:252]  SetATGC32 Error 1
[2024-10-17 16:59:55:680][P:20864:21124][ERROR][ColorImageEngineServer.cpp:256]  SetApo Error 1
[2024-10-17 16:59:55:681][P:20864:21124][ERROR][ColorImageEngineServer.cpp:260]  SetApoComp Error 1
[2024-10-17 16:59:59:399][P:20864:21124][ERROR][DataProcessAlgorithm\UltrasoundImagingProcessAlgorithm.cpp:1812] Algorithm Set Error : -214
[2024-10-17 16:59:59:399][P:20864:21124][ERROR][DataProcessAlgorithm\UltrasoundImagingProcessAlgorithm.cpp:1902] B_set Depth_level 2; Gain 50.000000; DR 60.000000; SRI_level 5;				 Correlation_level 3; Width 1280; High 960; AD_len 1;				 FrameHeader_len 8; GrayColorMap_level 3; TintMap_level 0;				 TGC_manual[0] 0.000000; TGC_manual[1] 0.000000; TGC_manual[2] 0.000000;				 TGC_manual[3] 0.000000; TGC_manual[4] 0.000000; TGC_manual[5] 0.000000;				 NE_on_off 0; NE_Tx_angle 0 ; NE_line_len 0 
[2024-10-17 16:59:59:400][P:20864:21124][ERROR][DataProcessAlgorithm\UltrasoundImagingProcessAlgorithm.cpp:1919] C_set Depth_level 2; WallFilter_level 1; Gain 50.000000; 				 ColorPriority_level 2;FrameCorrelation_level 2;				 Rx_start 0; Rx_num 12; Rx_idx 0; 				 Rx_len 8; Rx_scan_cross 3; 				 Width 1280; High 960; W_idx 26; W_len 0;				 H_idx 0; H_len 0; Theta 0.000000; 				 phi 0.000000; delta 0.000000; radius 0.000000;r_len 1.000000; 				 FrameHeader_len 8; ColorMap_level 1; 				 Color_mode 0; ColorMap_inversion 0; 
[2024-10-17 21:55:11:936][P:9408:8600][ERROR][ColorImageEngineServer.cpp:177] Open HW failed : 11
[2024-10-17 21:55:11:936][P:9408:8600][ERROR][ColorImageEngineServer.cpp:247]  OpenHW Error 11
[2024-10-17 21:55:11:937][P:9408:8600][ERROR][ColorImageEngineServer.cpp:252]  SetATGC32 Error 1
[2024-10-17 21:55:11:938][P:9408:8600][ERROR][ColorImageEngineServer.cpp:256]  SetApo Error 1
[2024-10-17 21:55:11:939][P:9408:8600][ERROR][ColorImageEngineServer.cpp:260]  SetApoComp Error 1
[2024-10-17 21:55:48:173][P:9408:8600][ERROR][DataProcessAlgorithm\UltrasoundImagingProcessAlgorithm.cpp:1812] Algorithm Set Error : -214
[2024-10-17 21:55:48:173][P:9408:8600][ERROR][DataProcessAlgorithm\UltrasoundImagingProcessAlgorithm.cpp:1902] B_set Depth_level 2; Gain 50.000000; DR 60.000000; SRI_level 5;				 Correlation_level 3; Width 1280; High 960; AD_len 1;				 FrameHeader_len 8; GrayColorMap_level 3; TintMap_level 0;				 TGC_manual[0] 0.000000; TGC_manual[1] 0.000000; TGC_manual[2] 0.000000;				 TGC_manual[3] 0.000000; TGC_manual[4] 0.000000; TGC_manual[5] 0.000000;				 NE_on_off 0; NE_Tx_angle 0 ; NE_line_len 0 
[2024-10-17 21:55:48:173][P:9408:8600][ERROR][DataProcessAlgorithm\UltrasoundImagingProcessAlgorithm.cpp:1919] C_set Depth_level 2; WallFilter_level 1; Gain 50.000000; 				 ColorPriority_level 2;FrameCorrelation_level 2;				 Rx_start 0; Rx_num 12; Rx_idx 0; 				 Rx_len 8; Rx_scan_cross 3; 				 Width 1280; High 960; W_idx 26; W_len 0;				 H_idx 0; H_len 0; Theta 0.000000; 				 phi 0.000000; delta 0.000000; radius 0.000000;r_len 1.000000; 				 FrameHeader_len 8; ColorMap_level 1; 				 Color_mode 0; ColorMap_inversion 0; 
[2024-10-17 21:56:44:215][P:23232:18120][ERROR][ColorImageEngineServer.cpp:177] Open HW failed : 11
[2024-10-17 21:56:44:216][P:23232:18120][ERROR][ColorImageEngineServer.cpp:247]  OpenHW Error 11
[2024-10-17 21:56:44:216][P:23232:18120][ERROR][ColorImageEngineServer.cpp:252]  SetATGC32 Error 1
[2024-10-17 21:56:44:217][P:23232:18120][ERROR][ColorImageEngineServer.cpp:256]  SetApo Error 1
[2024-10-17 21:56:44:218][P:23232:18120][ERROR][ColorImageEngineServer.cpp:260]  SetApoComp Error 1
[2024-10-17 21:57:32:125][P:23232:18120][ERROR][DataProcessAlgorithm\UltrasoundImagingProcessAlgorithm.cpp:1812] Algorithm Set Error : -214
[2024-10-17 21:57:32:125][P:23232:18120][ERROR][DataProcessAlgorithm\UltrasoundImagingProcessAlgorithm.cpp:1902] B_set Depth_level 2; Gain 50.000000; DR 60.000000; SRI_level 5;				 Correlation_level 3; Width 1280; High 960; AD_len 1;				 FrameHeader_len 8; GrayColorMap_level 3; TintMap_level 0;				 TGC_manual[0] 0.000000; TGC_manual[1] 0.000000; TGC_manual[2] 0.000000;				 TGC_manual[3] 0.000000; TGC_manual[4] 0.000000; TGC_manual[5] 0.000000;				 NE_on_off 0; NE_Tx_angle 0 ; NE_line_len 0 
[2024-10-17 21:57:32:126][P:23232:18120][ERROR][DataProcessAlgorithm\UltrasoundImagingProcessAlgorithm.cpp:1919] C_set Depth_level 2; WallFilter_level 1; Gain 50.000000; 				 ColorPriority_level 2;FrameCorrelation_level 2;				 Rx_start 0; Rx_num 12; Rx_idx 0; 				 Rx_len 8; Rx_scan_cross 3; 				 Width 1280; High 960; W_idx 26; W_len 0;				 H_idx 0; H_len 0; Theta 0.000000; 				 phi 0.000000; delta 0.000000; radius 0.000000;r_len 1.000000; 				 FrameHeader_len 8; ColorMap_level 1; 				 Color_mode 0; ColorMap_inversion 0; 
[2024-10-18 12:14:19:702][P:6592:14252][ERROR][ColorImageEngineServer.cpp:177] Open HW failed : 11
[2024-10-18 12:14:19:703][P:6592:14252][ERROR][ColorImageEngineServer.cpp:247]  OpenHW Error 11
[2024-10-18 12:14:19:703][P:6592:14252][ERROR][ColorImageEngineServer.cpp:252]  SetATGC32 Error 1
[2024-10-18 12:14:19:709][P:6592:14252][ERROR][ColorImageEngineServer.cpp:256]  SetApo Error 1
[2024-10-18 12:14:19:713][P:6592:14252][ERROR][ColorImageEngineServer.cpp:260]  SetApoComp Error 1
[2024-10-18 12:31:23:627][P:17128:1272][ERROR][ColorImageEngineServer.cpp:177] Open HW failed : 11
[2024-10-18 12:31:23:628][P:17128:1272][ERROR][ColorImageEngineServer.cpp:247]  OpenHW Error 11
[2024-10-18 12:31:23:628][P:17128:1272][ERROR][ColorImageEngineServer.cpp:252]  SetATGC32 Error 1
[2024-10-18 12:31:23:629][P:17128:1272][ERROR][ColorImageEngineServer.cpp:256]  SetApo Error 1
[2024-10-18 12:31:23:630][P:17128:1272][ERROR][ColorImageEngineServer.cpp:260]  SetApoComp Error 1
[2024-10-18 12:31:28:646][P:17128:1272][ERROR][DataProcessAlgorithm\UltrasoundImagingProcessAlgorithm.cpp:1812] Algorithm Set Error : -214
[2024-10-18 12:31:28:646][P:17128:1272][ERROR][DataProcessAlgorithm\UltrasoundImagingProcessAlgorithm.cpp:1902] B_set Depth_level 2; Gain 50.000000; DR 60.000000; SRI_level 5;				 Correlation_level 3; Width 1280; High 960; AD_len 1;				 FrameHeader_len 8; GrayColorMap_level 3; TintMap_level 0;				 TGC_manual[0] 0.000000; TGC_manual[1] 0.000000; TGC_manual[2] 0.000000;				 TGC_manual[3] 0.000000; TGC_manual[4] 0.000000; TGC_manual[5] 0.000000;				 NE_on_off 0; NE_Tx_angle 0 ; NE_line_len 0 
[2024-10-18 12:31:28:646][P:17128:1272][ERROR][DataProcessAlgorithm\UltrasoundImagingProcessAlgorithm.cpp:1919] C_set Depth_level 2; WallFilter_level 1; Gain 50.000000; 				 ColorPriority_level 2;FrameCorrelation_level 2;				 Rx_start 0; Rx_num 12; Rx_idx 0; 				 Rx_len 8; Rx_scan_cross 3; 				 Width 1280; High 960; W_idx 26; W_len 0;				 H_idx 0; H_len 0; Theta 0.000000; 				 phi 0.000000; delta 0.000000; radius 0.000000;r_len 1.000000; 				 FrameHeader_len 8; ColorMap_level 1; 				 Color_mode 0; ColorMap_inversion 0; 
[2024-10-18 14:49:42:149][P:16648:2656][ERROR][ColorImageEngineServer.cpp:177] Open HW failed : 11
[2024-10-18 14:49:42:149][P:16648:2656][ERROR][ColorImageEngineServer.cpp:247]  OpenHW Error 11
[2024-10-18 14:49:42:150][P:16648:2656][ERROR][ColorImageEngineServer.cpp:252]  SetATGC32 Error 1
[2024-10-18 14:49:42:156][P:16648:2656][ERROR][ColorImageEngineServer.cpp:256]  SetApo Error 1
[2024-10-18 14:49:42:157][P:16648:2656][ERROR][ColorImageEngineServer.cpp:260]  SetApoComp Error 1
[2024-10-18 14:51:23:886][P:12176:2196][ERROR][ColorImageEngineServer.cpp:177] Open HW failed : 11
[2024-10-18 14:51:23:886][P:12176:2196][ERROR][ColorImageEngineServer.cpp:247]  OpenHW Error 11
[2024-10-18 14:51:23:887][P:12176:2196][ERROR][ColorImageEngineServer.cpp:252]  SetATGC32 Error 1
[2024-10-18 14:51:23:888][P:12176:2196][ERROR][ColorImageEngineServer.cpp:256]  SetApo Error 1
[2024-10-18 14:51:23:889][P:12176:2196][ERROR][ColorImageEngineServer.cpp:260]  SetApoComp Error 1
[2024-10-18 14:53:10:797][P:13612:480][ERROR][ColorImageEngineServer.cpp:177] Open HW failed : 11
[2024-10-18 14:53:10:798][P:13612:480][ERROR][ColorImageEngineServer.cpp:247]  OpenHW Error 11
[2024-10-18 14:53:10:798][P:13612:480][ERROR][ColorImageEngineServer.cpp:252]  SetATGC32 Error 1
[2024-10-18 14:53:10:799][P:13612:480][ERROR][ColorImageEngineServer.cpp:256]  SetApo Error 1
[2024-10-18 14:53:10:800][P:13612:480][ERROR][ColorImageEngineServer.cpp:260]  SetApoComp Error 1
[2024-10-18 15:24:03:697][P:7984:7408][ERROR][ColorImageEngineServer.cpp:177] Open HW failed : 11
[2024-10-18 15:24:03:698][P:7984:7408][ERROR][ColorImageEngineServer.cpp:247]  OpenHW Error 11
[2024-10-18 15:24:03:698][P:7984:7408][ERROR][ColorImageEngineServer.cpp:252]  SetATGC32 Error 1
[2024-10-18 15:24:03:699][P:7984:7408][ERROR][ColorImageEngineServer.cpp:256]  SetApo Error 1
[2024-10-18 15:24:03:700][P:7984:7408][ERROR][ColorImageEngineServer.cpp:260]  SetApoComp Error 1
[2024-10-18 15:24:27:687][P:7984:7408][ERROR][DataProcessAlgorithm\UltrasoundImagingProcessAlgorithm.cpp:1812] Algorithm Set Error : -214
[2024-10-18 15:24:27:687][P:7984:7408][ERROR][DataProcessAlgorithm\UltrasoundImagingProcessAlgorithm.cpp:1902] B_set Depth_level 2; Gain 50.000000; DR 60.000000; SRI_level 5;				 Correlation_level 3; Width 1280; High 960; AD_len 1;				 FrameHeader_len 8; GrayColorMap_level 3; TintMap_level 0;				 TGC_manual[0] 0.000000; TGC_manual[1] 0.000000; TGC_manual[2] 0.000000;				 TGC_manual[3] 0.000000; TGC_manual[4] 0.000000; TGC_manual[5] 0.000000;				 NE_on_off 0; NE_Tx_angle 0 ; NE_line_len 0 
[2024-10-18 15:24:27:687][P:7984:7408][ERROR][DataProcessAlgorithm\UltrasoundImagingProcessAlgorithm.cpp:1919] C_set Depth_level 2; WallFilter_level 1; Gain 50.000000; 				 ColorPriority_level 2;FrameCorrelation_level 2;				 Rx_start 0; Rx_num 12; Rx_idx 0; 				 Rx_len 8; Rx_scan_cross 3; 				 Width 1280; High 960; W_idx 26; W_len 0;				 H_idx 0; H_len 0; Theta 0.000000; 				 phi 0.000000; delta 0.000000; radius 0.000000;r_len 1.000000; 				 FrameHeader_len 8; ColorMap_level 1; 				 Color_mode 0; ColorMap_inversion 0; 
[2024-10-18 15:30:56:771][P:16620:5828][ERROR][ColorImageEngineServer.cpp:177] Open HW failed : 11
[2024-10-18 15:30:56:771][P:16620:5828][ERROR][ColorImageEngineServer.cpp:247]  OpenHW Error 11
[2024-10-18 15:30:56:772][P:16620:5828][ERROR][ColorImageEngineServer.cpp:252]  SetATGC32 Error 1
[2024-10-18 15:30:56:773][P:16620:5828][ERROR][ColorImageEngineServer.cpp:256]  SetApo Error 1
[2024-10-18 15:30:56:774][P:16620:5828][ERROR][ColorImageEngineServer.cpp:260]  SetApoComp Error 1
[2024-10-18 15:33:03:998][P:7164:15816][ERROR][ColorImageEngineServer.cpp:177] Open HW failed : 11
[2024-10-18 15:33:03:999][P:7164:15816][ERROR][ColorImageEngineServer.cpp:247]  OpenHW Error 11
[2024-10-18 15:33:03:999][P:7164:15816][ERROR][ColorImageEngineServer.cpp:252]  SetATGC32 Error 1
[2024-10-18 15:33:04:000][P:7164:15816][ERROR][ColorImageEngineServer.cpp:256]  SetApo Error 1
[2024-10-18 15:33:04:001][P:7164:15816][ERROR][ColorImageEngineServer.cpp:260]  SetApoComp Error 1
[2024-10-18 15:43:49:071][P:17192:17724][ERROR][ColorImageEngineServer.cpp:177] Open HW failed : 11
[2024-10-18 15:43:49:072][P:17192:17724][ERROR][ColorImageEngineServer.cpp:247]  OpenHW Error 11
[2024-10-18 15:43:49:072][P:17192:17724][ERROR][ColorImageEngineServer.cpp:252]  SetATGC32 Error 1
[2024-10-18 15:43:49:073][P:17192:17724][ERROR][ColorImageEngineServer.cpp:256]  SetApo Error 1
[2024-10-18 15:43:49:074][P:17192:17724][ERROR][ColorImageEngineServer.cpp:260]  SetApoComp Error 1
[2024-10-25 09:56:05:451][P:11896:6316][ERROR][ColorImageEngineServer.cpp:177] Open HW failed : 11
[2024-10-25 09:56:05:451][P:11896:6316][ERROR][ColorImageEngineServer.cpp:247]  OpenHW Error 11
[2024-10-25 09:56:05:452][P:11896:6316][ERROR][ColorImageEngineServer.cpp:252]  SetATGC32 Error 1
[2024-10-25 09:56:05:457][P:11896:6316][ERROR][ColorImageEngineServer.cpp:256]  SetApo Error 1
[2024-10-25 09:56:05:461][P:11896:6316][ERROR][ColorImageEngineServer.cpp:260]  SetApoComp Error 1
[2024-10-25 09:58:56:689][P:22844:8568][ERROR][ColorImageEngineServer.cpp:177] Open HW failed : 11
[2024-10-25 09:58:56:690][P:22844:8568][ERROR][ColorImageEngineServer.cpp:247]  OpenHW Error 11
[2024-10-25 09:58:56:690][P:22844:8568][ERROR][ColorImageEngineServer.cpp:252]  SetATGC32 Error 1
[2024-10-25 09:58:56:691][P:22844:8568][ERROR][ColorImageEngineServer.cpp:256]  SetApo Error 1
[2024-10-25 09:58:56:692][P:22844:8568][ERROR][ColorImageEngineServer.cpp:260]  SetApoComp Error 1
[2024-10-25 10:31:34:379][P:16652:14248][ERROR][ColorImageEngineServer.cpp:177] Open HW failed : 11
[2024-10-25 10:31:34:380][P:16652:14248][ERROR][ColorImageEngineServer.cpp:247]  OpenHW Error 11
[2024-10-25 10:31:34:380][P:16652:14248][ERROR][ColorImageEngineServer.cpp:252]  SetATGC32 Error 1
[2024-10-25 10:31:34:381][P:16652:14248][ERROR][ColorImageEngineServer.cpp:256]  SetApo Error 1
[2024-10-25 10:31:34:382][P:16652:14248][ERROR][ColorImageEngineServer.cpp:260]  SetApoComp Error 1
[2024-10-25 10:32:19:686][P:22376:17516][ERROR][ColorImageEngineServer.cpp:177] Open HW failed : 11
[2024-10-25 10:32:19:687][P:22376:17516][ERROR][ColorImageEngineServer.cpp:247]  OpenHW Error 11
[2024-10-25 10:32:19:688][P:22376:17516][ERROR][ColorImageEngineServer.cpp:252]  SetATGC32 Error 1
[2024-10-25 10:32:19:689][P:22376:17516][ERROR][ColorImageEngineServer.cpp:256]  SetApo Error 1
[2024-10-25 10:32:19:690][P:22376:17516][ERROR][ColorImageEngineServer.cpp:260]  SetApoComp Error 1
[2024-10-25 10:33:21:843][P:3260:26656][ERROR][ColorImageEngineServer.cpp:177] Open HW failed : 11
[2024-10-25 10:33:21:843][P:3260:26656][ERROR][ColorImageEngineServer.cpp:247]  OpenHW Error 11
[2024-10-25 10:33:21:843][P:3260:26656][ERROR][ColorImageEngineServer.cpp:252]  SetATGC32 Error 1
[2024-10-25 10:33:21:844][P:3260:26656][ERROR][ColorImageEngineServer.cpp:256]  SetApo Error 1
[2024-10-25 10:33:21:845][P:3260:26656][ERROR][ColorImageEngineServer.cpp:260]  SetApoComp Error 1
[2024-10-25 10:35:35:800][P:27224:13748][ERROR][ColorImageEngineServer.cpp:177] Open HW failed : 11
[2024-10-25 10:35:35:800][P:27224:13748][ERROR][ColorImageEngineServer.cpp:247]  OpenHW Error 11
[2024-10-25 10:35:35:801][P:27224:13748][ERROR][ColorImageEngineServer.cpp:252]  SetATGC32 Error 1
[2024-10-25 10:35:35:802][P:27224:13748][ERROR][ColorImageEngineServer.cpp:256]  SetApo Error 1
[2024-10-25 10:35:35:802][P:27224:13748][ERROR][ColorImageEngineServer.cpp:260]  SetApoComp Error 1
[2024-10-25 10:40:52:832][P:18152:12960][ERROR][ColorImageEngineServer.cpp:177] Open HW failed : 11
[2024-10-25 10:40:52:833][P:18152:12960][ERROR][ColorImageEngineServer.cpp:247]  OpenHW Error 11
[2024-10-25 10:40:52:833][P:18152:12960][ERROR][ColorImageEngineServer.cpp:252]  SetATGC32 Error 1
[2024-10-25 10:40:52:834][P:18152:12960][ERROR][ColorImageEngineServer.cpp:256]  SetApo Error 1
[2024-10-25 10:40:52:835][P:18152:12960][ERROR][ColorImageEngineServer.cpp:260]  SetApoComp Error 1
[2024-10-25 10:42:47:029][P:25428:10488][ERROR][ColorImageEngineServer.cpp:177] Open HW failed : 11
[2024-10-25 10:42:47:029][P:25428:10488][ERROR][ColorImageEngineServer.cpp:247]  OpenHW Error 11
[2024-10-25 10:42:47:030][P:25428:10488][ERROR][ColorImageEngineServer.cpp:252]  SetATGC32 Error 1
[2024-10-25 10:42:47:030][P:25428:10488][ERROR][ColorImageEngineServer.cpp:256]  SetApo Error 1
[2024-10-25 10:42:47:031][P:25428:10488][ERROR][ColorImageEngineServer.cpp:260]  SetApoComp Error 1
[2024-10-25 10:45:46:377][P:12404:5832][ERROR][ColorImageEngineServer.cpp:177] Open HW failed : 11
[2024-10-25 10:45:46:377][P:12404:5832][ERROR][ColorImageEngineServer.cpp:247]  OpenHW Error 11
[2024-10-25 10:45:46:378][P:12404:5832][ERROR][ColorImageEngineServer.cpp:252]  SetATGC32 Error 1
[2024-10-25 10:45:46:379][P:12404:5832][ERROR][ColorImageEngineServer.cpp:256]  SetApo Error 1
[2024-10-25 10:45:46:380][P:12404:5832][ERROR][ColorImageEngineServer.cpp:260]  SetApoComp Error 1
[2024-10-25 11:10:04:325][P:13796:24352][ERROR][ColorImageEngineServer.cpp:177] Open HW failed : 11
[2024-10-25 11:10:04:325][P:13796:24352][ERROR][ColorImageEngineServer.cpp:247]  OpenHW Error 11
[2024-10-25 11:10:04:325][P:13796:24352][ERROR][ColorImageEngineServer.cpp:252]  SetATGC32 Error 1
[2024-10-25 11:10:04:326][P:13796:24352][ERROR][ColorImageEngineServer.cpp:256]  SetApo Error 1
[2024-10-25 11:10:04:327][P:13796:24352][ERROR][ColorImageEngineServer.cpp:260]  SetApoComp Error 1
[2024-10-25 11:12:06:908][P:22404:2020][ERROR][ColorImageEngineServer.cpp:177] Open HW failed : 11
[2024-10-25 11:12:06:909][P:22404:2020][ERROR][ColorImageEngineServer.cpp:247]  OpenHW Error 11
[2024-10-25 11:12:06:909][P:22404:2020][ERROR][ColorImageEngineServer.cpp:252]  SetATGC32 Error 1
[2024-10-25 11:12:06:910][P:22404:2020][ERROR][ColorImageEngineServer.cpp:256]  SetApo Error 1
[2024-10-25 11:12:06:911][P:22404:2020][ERROR][ColorImageEngineServer.cpp:260]  SetApoComp Error 1
[2024-10-25 11:13:37:744][P:19264:21592][ERROR][ColorImageEngineServer.cpp:177] Open HW failed : 11
[2024-10-25 11:13:37:744][P:19264:21592][ERROR][ColorImageEngineServer.cpp:247]  OpenHW Error 11
[2024-10-25 11:13:37:745][P:19264:21592][ERROR][ColorImageEngineServer.cpp:252]  SetATGC32 Error 1
[2024-10-25 11:13:37:745][P:19264:21592][ERROR][ColorImageEngineServer.cpp:256]  SetApo Error 1
[2024-10-25 11:13:37:746][P:19264:21592][ERROR][ColorImageEngineServer.cpp:260]  SetApoComp Error 1
[2024-10-25 11:14:22:878][P:17788:12816][ERROR][ColorImageEngineServer.cpp:177] Open HW failed : 11
[2024-10-25 11:14:22:879][P:17788:12816][ERROR][ColorImageEngineServer.cpp:247]  OpenHW Error 11
[2024-10-25 11:14:22:879][P:17788:12816][ERROR][ColorImageEngineServer.cpp:252]  SetATGC32 Error 1
[2024-10-25 11:14:22:880][P:17788:12816][ERROR][ColorImageEngineServer.cpp:256]  SetApo Error 1
[2024-10-25 11:14:22:881][P:17788:12816][ERROR][ColorImageEngineServer.cpp:260]  SetApoComp Error 1
[2024-10-25 11:16:09:906][P:11252:17492][ERROR][ColorImageEngineServer.cpp:177] Open HW failed : 11
[2024-10-25 11:16:09:906][P:11252:17492][ERROR][ColorImageEngineServer.cpp:247]  OpenHW Error 11
[2024-10-25 11:16:09:906][P:11252:17492][ERROR][ColorImageEngineServer.cpp:252]  SetATGC32 Error 1
[2024-10-25 11:16:09:907][P:11252:17492][ERROR][ColorImageEngineServer.cpp:256]  SetApo Error 1
[2024-10-25 11:16:09:908][P:11252:17492][ERROR][ColorImageEngineServer.cpp:260]  SetApoComp Error 1
[2024-10-25 11:16:41:543][P:8832:20984][ERROR][ColorImageEngineServer.cpp:177] Open HW failed : 11
[2024-10-25 11:16:41:544][P:8832:20984][ERROR][ColorImageEngineServer.cpp:247]  OpenHW Error 11
[2024-10-25 11:16:41:544][P:8832:20984][ERROR][ColorImageEngineServer.cpp:252]  SetATGC32 Error 1
[2024-10-25 11:16:41:545][P:8832:20984][ERROR][ColorImageEngineServer.cpp:256]  SetApo Error 1
[2024-10-25 11:16:41:546][P:8832:20984][ERROR][ColorImageEngineServer.cpp:260]  SetApoComp Error 1
[2024-10-25 11:17:05:851][P:18744:8556][ERROR][ColorImageEngineServer.cpp:177] Open HW failed : 11
[2024-10-25 11:17:05:852][P:18744:8556][ERROR][ColorImageEngineServer.cpp:247]  OpenHW Error 11
[2024-10-25 11:17:05:852][P:18744:8556][ERROR][ColorImageEngineServer.cpp:252]  SetATGC32 Error 1
[2024-10-25 11:17:05:853][P:18744:8556][ERROR][ColorImageEngineServer.cpp:256]  SetApo Error 1
[2024-10-25 11:17:05:854][P:18744:8556][ERROR][ColorImageEngineServer.cpp:260]  SetApoComp Error 1
[2024-10-25 11:17:34:446][P:28668:4260][ERROR][ColorImageEngineServer.cpp:177] Open HW failed : 11
[2024-10-25 11:17:34:446][P:28668:4260][ERROR][ColorImageEngineServer.cpp:247]  OpenHW Error 11
[2024-10-25 11:17:34:446][P:28668:4260][ERROR][ColorImageEngineServer.cpp:252]  SetATGC32 Error 1
[2024-10-25 11:17:34:447][P:28668:4260][ERROR][ColorImageEngineServer.cpp:256]  SetApo Error 1
[2024-10-25 11:17:34:448][P:28668:4260][ERROR][ColorImageEngineServer.cpp:260]  SetApoComp Error 1
[2024-10-25 11:18:07:805][P:26232:13884][ERROR][ColorImageEngineServer.cpp:177] Open HW failed : 11
[2024-10-25 11:18:07:806][P:26232:13884][ERROR][ColorImageEngineServer.cpp:247]  OpenHW Error 11
[2024-10-25 11:18:07:806][P:26232:13884][ERROR][ColorImageEngineServer.cpp:252]  SetATGC32 Error 1
[2024-10-25 11:18:07:807][P:26232:13884][ERROR][ColorImageEngineServer.cpp:256]  SetApo Error 1
[2024-10-25 11:18:07:808][P:26232:13884][ERROR][ColorImageEngineServer.cpp:260]  SetApoComp Error 1
[2024-10-25 11:19:51:116][P:8960:8232][ERROR][ColorImageEngineServer.cpp:177] Open HW failed : 11
[2024-10-25 11:19:51:117][P:8960:8232][ERROR][ColorImageEngineServer.cpp:247]  OpenHW Error 11
[2024-10-25 11:19:51:117][P:8960:8232][ERROR][ColorImageEngineServer.cpp:252]  SetATGC32 Error 1
[2024-10-25 11:19:51:118][P:8960:8232][ERROR][ColorImageEngineServer.cpp:256]  SetApo Error 1
[2024-10-25 11:19:51:119][P:8960:8232][ERROR][ColorImageEngineServer.cpp:260]  SetApoComp Error 1
[2024-10-25 11:22:20:263][P:12804:19904][ERROR][ColorImageEngineServer.cpp:177] Open HW failed : 11
[2024-10-25 11:22:20:264][P:12804:19904][ERROR][ColorImageEngineServer.cpp:247]  OpenHW Error 11
[2024-10-25 11:22:20:264][P:12804:19904][ERROR][ColorImageEngineServer.cpp:252]  SetATGC32 Error 1
[2024-10-25 11:22:20:265][P:12804:19904][ERROR][ColorImageEngineServer.cpp:256]  SetApo Error 1
[2024-10-25 11:22:20:266][P:12804:19904][ERROR][ColorImageEngineServer.cpp:260]  SetApoComp Error 1
[2024-10-25 11:24:44:865][P:9244:28036][ERROR][ColorImageEngineServer.cpp:177] Open HW failed : 11
[2024-10-25 11:24:44:866][P:9244:28036][ERROR][ColorImageEngineServer.cpp:247]  OpenHW Error 11
[2024-10-25 11:24:44:866][P:9244:28036][ERROR][ColorImageEngineServer.cpp:252]  SetATGC32 Error 1
[2024-10-25 11:24:44:867][P:9244:28036][ERROR][ColorImageEngineServer.cpp:256]  SetApo Error 1
[2024-10-25 11:24:44:868][P:9244:28036][ERROR][ColorImageEngineServer.cpp:260]  SetApoComp Error 1
[2024-10-25 11:26:10:966][P:20304:9912][ERROR][ColorImageEngineServer.cpp:177] Open HW failed : 11
[2024-10-25 11:26:10:966][P:20304:9912][ERROR][ColorImageEngineServer.cpp:247]  OpenHW Error 11
[2024-10-25 11:26:10:966][P:20304:9912][ERROR][ColorImageEngineServer.cpp:252]  SetATGC32 Error 1
[2024-10-25 11:26:10:967][P:20304:9912][ERROR][ColorImageEngineServer.cpp:256]  SetApo Error 1
[2024-10-25 11:26:10:968][P:20304:9912][ERROR][ColorImageEngineServer.cpp:260]  SetApoComp Error 1
[2024-10-25 11:46:21:099][P:22676:13392][ERROR][ColorImageEngineServer.cpp:177] Open HW failed : 11
[2024-10-25 11:46:21:100][P:22676:13392][ERROR][ColorImageEngineServer.cpp:247]  OpenHW Error 11
[2024-10-25 11:46:21:100][P:22676:13392][ERROR][ColorImageEngineServer.cpp:252]  SetATGC32 Error 1
[2024-10-25 11:46:21:102][P:22676:13392][ERROR][ColorImageEngineServer.cpp:256]  SetApo Error 1
[2024-10-25 11:46:21:103][P:22676:13392][ERROR][ColorImageEngineServer.cpp:260]  SetApoComp Error 1
[2024-10-25 11:48:29:684][P:21624:25936][ERROR][ColorImageEngineServer.cpp:177] Open HW failed : 11
[2024-10-25 11:48:29:684][P:21624:25936][ERROR][ColorImageEngineServer.cpp:247]  OpenHW Error 11
[2024-10-25 11:48:29:685][P:21624:25936][ERROR][ColorImageEngineServer.cpp:252]  SetATGC32 Error 1
[2024-10-25 11:48:29:686][P:21624:25936][ERROR][ColorImageEngineServer.cpp:256]  SetApo Error 1
[2024-10-25 11:48:29:687][P:21624:25936][ERROR][ColorImageEngineServer.cpp:260]  SetApoComp Error 1
[2024-10-25 11:57:10:753][P:12908:15420][ERROR][ColorImageEngineServer.cpp:177] Open HW failed : 11
[2024-10-25 11:57:10:754][P:12908:15420][ERROR][ColorImageEngineServer.cpp:247]  OpenHW Error 11
[2024-10-25 11:57:10:754][P:12908:15420][ERROR][ColorImageEngineServer.cpp:252]  SetATGC32 Error 1
[2024-10-25 11:57:10:755][P:12908:15420][ERROR][ColorImageEngineServer.cpp:256]  SetApo Error 1
[2024-10-25 11:57:10:756][P:12908:15420][ERROR][ColorImageEngineServer.cpp:260]  SetApoComp Error 1
[2024-10-25 12:03:51:693][P:15224:17040][ERROR][ColorImageEngineServer.cpp:177] Open HW failed : 11
[2024-10-25 12:03:51:694][P:15224:17040][ERROR][ColorImageEngineServer.cpp:247]  OpenHW Error 11
[2024-10-25 12:03:51:694][P:15224:17040][ERROR][ColorImageEngineServer.cpp:252]  SetATGC32 Error 1
[2024-10-25 12:03:51:695][P:15224:17040][ERROR][ColorImageEngineServer.cpp:256]  SetApo Error 1
[2024-10-25 12:03:51:696][P:15224:17040][ERROR][ColorImageEngineServer.cpp:260]  SetApoComp Error 1
[2024-10-25 12:07:16:851][P:8332:14404][ERROR][ColorImageEngineServer.cpp:177] Open HW failed : 11
[2024-10-25 12:07:16:851][P:8332:14404][ERROR][ColorImageEngineServer.cpp:247]  OpenHW Error 11
[2024-10-25 12:07:16:851][P:8332:14404][ERROR][ColorImageEngineServer.cpp:252]  SetATGC32 Error 1
[2024-10-25 12:07:16:853][P:8332:14404][ERROR][ColorImageEngineServer.cpp:256]  SetApo Error 1
[2024-10-25 12:07:16:854][P:8332:14404][ERROR][ColorImageEngineServer.cpp:260]  SetApoComp Error 1
[2024-10-25 12:08:07:598][P:26028:26388][ERROR][ColorImageEngineServer.cpp:177] Open HW failed : 11
[2024-10-25 12:08:07:598][P:26028:26388][ERROR][ColorImageEngineServer.cpp:247]  OpenHW Error 11
[2024-10-25 12:08:07:599][P:26028:26388][ERROR][ColorImageEngineServer.cpp:252]  SetATGC32 Error 1
[2024-10-25 12:08:07:600][P:26028:26388][ERROR][ColorImageEngineServer.cpp:256]  SetApo Error 1
[2024-10-25 12:08:07:601][P:26028:26388][ERROR][ColorImageEngineServer.cpp:260]  SetApoComp Error 1
