c:\users\kevin\desktop\pucp\tesis\proyecto\version_1\clrdemoserver\debug_x64\clrdemoserver.pch
c:\users\kevin\desktop\pucp\tesis\proyecto\version_1\clrdemoserver\debug_x64\stdafx.obj
c:\users\kevin\desktop\pucp\tesis\proyecto\version_1\clrdemoserver\debug_x64\vc120.pdb
c:\users\kevin\desktop\pucp\tesis\proyecto\version_1\clrdemoserver\debug_x64\clr_demoserver.obj
c:\users\kevin\desktop\pucp\tesis\proyecto\version_1\clrdemoserver\debug_x64\clrdata.obj
c:\users\kevin\desktop\pucp\tesis\proyecto\version_1\clrdemoserver\debug_x64\assemblyinfo.obj
c:\users\kevin\desktop\pucp\tesis\proyecto\version_1\clrdemoserver\debug_x64\.netframework,version=v4.5.assemblyattributes.obj
c:\users\kevin\desktop\pucp\tesis\proyecto\version_1\debug_x64\clrdemoserver.dll
c:\users\kevin\desktop\pucp\tesis\proyecto\version_1\debug_x64\clrdemoserver.pdb
c:\users\kevin\desktop\pucp\tesis\proyecto\version_1\clrdemoserver\debug_x64\app.res
c:\users\kevin\desktop\pucp\tesis\proyecto\version_1\clrdemoserver\debug_x64\clrdemoserver.vcxprojresolveassemblyreference.cache
c:\users\kevin\desktop\pucp\tesis\proyecto\version_1\clrdemoserver\debug_x64\clrdemoserver.tlog\cl.command.1.tlog
c:\users\kevin\desktop\pucp\tesis\proyecto\version_1\clrdemoserver\debug_x64\clrdemoserver.tlog\cl.read.1.tlog
c:\users\kevin\desktop\pucp\tesis\proyecto\version_1\clrdemoserver\debug_x64\clrdemoserver.tlog\cl.write.1.tlog
c:\users\kevin\desktop\pucp\tesis\proyecto\version_1\clrdemoserver\debug_x64\clrdemoserver.tlog\link.command.1.tlog
c:\users\kevin\desktop\pucp\tesis\proyecto\version_1\clrdemoserver\debug_x64\clrdemoserver.tlog\link.read.1.tlog
c:\users\kevin\desktop\pucp\tesis\proyecto\version_1\clrdemoserver\debug_x64\clrdemoserver.tlog\link.write.1.tlog
c:\users\kevin\desktop\pucp\tesis\proyecto\version_1\clrdemoserver\debug_x64\clrdemoserver.tlog\metagen.read.1.tlog
c:\users\kevin\desktop\pucp\tesis\proyecto\version_1\clrdemoserver\debug_x64\clrdemoserver.tlog\metagen.write.1.tlog
c:\users\kevin\desktop\pucp\tesis\proyecto\version_1\clrdemoserver\debug_x64\clrdemoserver.tlog\rc.command.1.tlog
c:\users\kevin\desktop\pucp\tesis\proyecto\version_1\clrdemoserver\debug_x64\clrdemoserver.tlog\rc.read.1.tlog
c:\users\kevin\desktop\pucp\tesis\proyecto\version_1\clrdemoserver\debug_x64\clrdemoserver.tlog\rc.write.1.tlog
c:\users\kevin\desktop\pucp\tesis\proyecto\version_1\clrdemoserver\debug_x64\clrdemoserver.tlog\tzres.dll.bi
