  Stdafx.cpp
  AssemblyInfo.cpp
  CLRData.cpp
  CLR_DemoServer.cpp
  正在生成代码...
  .NETFramework,Version=v4.5.AssemblyAttributes.cpp
  CLRDemoServer.vcxproj -> E:\00WorkSpace\PA12\CIESDKUseDemo\Release_x86\CLRDemoServer.dll
  系统找不到指定的路径。
  E:\00WorkSpace\PA12\CIESDKUseDemo\CIES_SDK\lib\ColorImageEngineServer.dll
  E:\00WorkSpace\PA12\CIESDKUseDemo\CIES_SDK\lib\ColorImageEngineServer.lib
  E:\00WorkSpace\PA12\CIESDKUseDemo\CIES_SDK\lib\DumpCatchDll.dll
  E:\00WorkSpace\PA12\CIESDKUseDemo\CIES_SDK\lib\log4cplusU.dll
  E:\00WorkSpace\PA12\CIESDKUseDemo\CIES_SDK\lib\log4cplusUD.dll
  E:\00WorkSpace\PA12\CIESDKUseDemo\CIES_SDK\lib\msvcp120.dll
  E:\00WorkSpace\PA12\CIESDKUseDemo\CIES_SDK\lib\msvcp120d.dll
  E:\00WorkSpace\PA12\CIESDKUseDemo\CIES_SDK\lib\msvcr120.dll
  E:\00WorkSpace\PA12\CIESDKUseDemo\CIES_SDK\lib\msvcr120d.dll
  E:\00WorkSpace\PA12\CIESDKUseDemo\CIES_SDK\lib\UltrasoundImagingAlgorithm.dat
  E:\00WorkSpace\PA12\CIESDKUseDemo\CIES_SDK\lib\UltrasoundImagingAlgorithm.dll
  已复制        11 个文件。
  已复制         1 个文件。
