e:\00workspace\pa12\ciesdkusedemo\clrdemoserver\release_x86\clrdemoserver.pch
e:\00workspace\pa12\ciesdkusedemo\clrdemoserver\release_x86\vc120.pdb
e:\00workspace\pa12\ciesdkusedemo\clrdemoserver\release_x86\stdafx.obj
e:\00workspace\pa12\ciesdkusedemo\clrdemoserver\release_x86\clr_demoserver.obj
e:\00workspace\pa12\ciesdkusedemo\clrdemoserver\release_x86\clrdata.obj
e:\00workspace\pa12\ciesdkusedemo\clrdemoserver\release_x86\assemblyinfo.obj
e:\00workspace\pa12\ciesdkusedemo\clrdemoserver\release_x86\.netframework,version=v4.5.assemblyattributes.obj
e:\00workspace\pa12\ciesdkusedemo\release_x86\clrdemoserver.dll
e:\00workspace\pa12\ciesdkusedemo\release_x86\clrdemoserver.pdb
e:\00workspace\pa12\ciesdkusedemo\clrdemoserver\release_x86\app.res
e:\00workspace\pa12\ciesdkusedemo\clrdemoserver\release_x86\clrdemoserver.tlog\cl.command.1.tlog
e:\00workspace\pa12\ciesdkusedemo\clrdemoserver\release_x86\clrdemoserver.tlog\cl.read.1.tlog
e:\00workspace\pa12\ciesdkusedemo\clrdemoserver\release_x86\clrdemoserver.tlog\cl.write.1.tlog
e:\00workspace\pa12\ciesdkusedemo\clrdemoserver\release_x86\clrdemoserver.tlog\link.command.1.tlog
e:\00workspace\pa12\ciesdkusedemo\clrdemoserver\release_x86\clrdemoserver.tlog\link.read.1.tlog
e:\00workspace\pa12\ciesdkusedemo\clrdemoserver\release_x86\clrdemoserver.tlog\link.write.1.tlog
e:\00workspace\pa12\ciesdkusedemo\clrdemoserver\release_x86\clrdemoserver.tlog\metagen.read.1.tlog
e:\00workspace\pa12\ciesdkusedemo\clrdemoserver\release_x86\clrdemoserver.tlog\metagen.write.1.tlog
e:\00workspace\pa12\ciesdkusedemo\clrdemoserver\release_x86\clrdemoserver.tlog\rc.command.1.tlog
e:\00workspace\pa12\ciesdkusedemo\clrdemoserver\release_x86\clrdemoserver.tlog\rc.read.1.tlog
e:\00workspace\pa12\ciesdkusedemo\clrdemoserver\release_x86\clrdemoserver.tlog\rc.write.1.tlog
